<?xml version="1.0" encoding="utf-8"?><testsuites name="pytest tests"><testsuite name="pytest" errors="0" failures="0" skipped="0" tests="22" time="1.795" timestamp="2026-01-15T19:56:42.228057+00:00" hostname="agent-env-16d776a0-2c08-478c-9b0a-a9b1a0a255d6"><testcase classname="tests.test_admin_users_management.TestAdminUsersStats" name="test_get_users_stats_summary" time="0.063" /><testcase classname="tests.test_admin_users_management.TestAdminUsersList" name="test_get_users_list_basic" time="0.035" /><testcase classname="tests.test_admin_users_management.TestAdminUsersList" name="test_get_users_with_pagination" time="0.042" /><testcase classname="tests.test_admin_users_management.TestAdminUsersList" name="test_get_users_with_search_filter" time="0.038" /><testcase classname="tests.test_admin_users_management.TestAdminUsersList" name="test_get_users_with_membership_type_filter_free" time="0.041" /><testcase classname="tests.test_admin_users_management.TestAdminUsersList" name="test_get_users_with_membership_type_filter_premium" time="0.035" /><testcase classname="tests.test_admin_users_management.TestAdminUsersList" name="test_get_users_with_membership_type_filter_vip" time="0.035" /><testcase classname="tests.test_admin_users_management.TestAdminUsersList" name="test_get_users_with_status_filter_active" time="0.039" /><testcase classname="tests.test_admin_users_management.TestAdminUsersList" name="test_get_users_with_status_filter_suspended" time="0.038" /><testcase classname="tests.test_admin_users_management.TestAdminUserCRUD" name="test_create_user_success" time="0.100" /><testcase classname="tests.test_admin_users_management.TestAdminUserCRUD" name="test_create_user_with_phone" time="0.101" /><testcase classname="tests.test_admin_users_management.TestAdminUserCRUD" name="test_create_user_missing_email_and_phone" time="0.032" /><testcase classname="tests.test_admin_users_management.TestAdminUserCRUD" name="test_create_user_duplicate_email" time="0.141" /><testcase classname="tests.test_admin_users_management.TestAdminUserCRUD" name="test_get_user_detail" time="0.147" /><testcase classname="tests.test_admin_users_management.TestAdminUserCRUD" name="test_get_user_detail_not_found" time="0.038" /><testcase classname="tests.test_admin_users_management.TestAdminUserCRUD" name="test_update_user" time="0.221" /><testcase classname="tests.test_admin_users_management.TestAdminUserCRUD" name="test_update_user_not_found" time="0.036" /><testcase classname="tests.test_admin_users_management.TestAdminUserCRUD" name="test_delete_user" time="0.102" /><testcase classname="tests.test_admin_users_management.TestAdminUserCRUD" name="test_delete_user_not_found" time="0.036" /><testcase classname="tests.test_admin_users_management.TestAdminUserHistory" name="test_get_user_listening_history" time="0.109" /><testcase classname="tests.test_admin_users_management.TestAdminUserHistory" name="test_get_user_transactions" time="0.104" /><testcase classname="tests.test_admin_users_management.TestExistingUserData" name="test_get_existing_user_by_id_pattern" time="0.168" /></testsuite></testsuites>