<?xml version="1.0" encoding="utf-8"?><testsuites name="pytest tests"><testsuite name="pytest" errors="0" failures="7" skipped="0" tests="22" time="1.644" timestamp="2026-01-15T19:55:48.568456+00:00" hostname="agent-env-16d776a0-2c08-478c-9b0a-a9b1a0a255d6"><testcase classname="tests.test_admin_users_management.TestAdminUsersStats" name="test_get_users_stats_summary" time="0.088" /><testcase classname="tests.test_admin_users_management.TestAdminUsersList" name="test_get_users_list_basic" time="0.047" /><testcase classname="tests.test_admin_users_management.TestAdminUsersList" name="test_get_users_with_pagination" time="0.037" /><testcase classname="tests.test_admin_users_management.TestAdminUsersList" name="test_get_users_with_search_filter" time="0.048" /><testcase classname="tests.test_admin_users_management.TestAdminUsersList" name="test_get_users_with_membership_type_filter_free" time="0.048" /><testcase classname="tests.test_admin_users_management.TestAdminUsersList" name="test_get_users_with_membership_type_filter_premium" time="0.040" /><testcase classname="tests.test_admin_users_management.TestAdminUsersList" name="test_get_users_with_membership_type_filter_vip" time="0.040" /><testcase classname="tests.test_admin_users_management.TestAdminUsersList" name="test_get_users_with_status_filter_active" time="0.040" /><testcase classname="tests.test_admin_users_management.TestAdminUsersList" name="test_get_users_with_status_filter_suspended" time="0.047" /><testcase classname="tests.test_admin_users_management.TestAdminUserCRUD" name="test_create_user_success" time="0.046"><failure message="AssertionError: Expected 201, got 200: {&quot;user_id&quot;:&quot;user_2540c40c632e&quot;,&quot;message&quot;:&quot;User created successfully&quot;}&#10;assert 200 == 201&#10; +  where 200 = &lt;Response [200]&gt;.status_code">tests/test_admin_users_management.py:220: in test_create_user_success
    assert response.status_code == 201, f"Expected 201, got {response.status_code}: {response.text}"
E   AssertionError: Expected 201, got 200: {"user_id":"user_2540c40c632e","message":"User created successfully"}
E   assert 200 == 201
E    +  where 200 = &lt;Response [200]&gt;.status_code</failure></testcase><testcase classname="tests.test_admin_users_management.TestAdminUserCRUD" name="test_create_user_with_phone" time="0.035"><failure message="AssertionError: Expected 201, got 200: {&quot;user_id&quot;:&quot;user_1190eaaf9c22&quot;,&quot;message&quot;:&quot;User created successfully&quot;}&#10;assert 200 == 201&#10; +  where 200 = &lt;Response [200]&gt;.status_code">tests/test_admin_users_management.py:253: in test_create_user_with_phone
    assert response.status_code == 201, f"Expected 201, got {response.status_code}: {response.text}"
E   AssertionError: Expected 201, got 200: {"user_id":"user_1190eaaf9c22","message":"User created successfully"}
E   assert 200 == 201
E    +  where 200 = &lt;Response [200]&gt;.status_code</failure></testcase><testcase classname="tests.test_admin_users_management.TestAdminUserCRUD" name="test_create_user_missing_email_and_phone" time="0.035" /><testcase classname="tests.test_admin_users_management.TestAdminUserCRUD" name="test_create_user_duplicate_email" time="0.039" /><testcase classname="tests.test_admin_users_management.TestAdminUserCRUD" name="test_get_user_detail" time="0.073"><failure message="assert 200 == 201&#10; +  where 200 = &lt;Response [200]&gt;.status_code">tests/test_admin_users_management.py:321: in test_get_user_detail
    assert create_response.status_code == 201
E   assert 200 == 201
E    +  where 200 = &lt;Response [200]&gt;.status_code</failure></testcase><testcase classname="tests.test_admin_users_management.TestAdminUserCRUD" name="test_get_user_detail_not_found" time="0.042" /><testcase classname="tests.test_admin_users_management.TestAdminUserCRUD" name="test_update_user" time="0.038"><failure message="assert 200 == 201&#10; +  where 200 = &lt;Response [200]&gt;.status_code">tests/test_admin_users_management.py:368: in test_update_user
    assert create_response.status_code == 201
E   assert 200 == 201
E    +  where 200 = &lt;Response [200]&gt;.status_code</failure></testcase><testcase classname="tests.test_admin_users_management.TestAdminUserCRUD" name="test_update_user_not_found" time="0.033" /><testcase classname="tests.test_admin_users_management.TestAdminUserCRUD" name="test_delete_user" time="0.042"><failure message="assert 200 == 201&#10; +  where 200 = &lt;Response [200]&gt;.status_code">tests/test_admin_users_management.py:416: in test_delete_user
    assert create_response.status_code == 201
E   assert 200 == 201
E    +  where 200 = &lt;Response [200]&gt;.status_code</failure></testcase><testcase classname="tests.test_admin_users_management.TestAdminUserCRUD" name="test_delete_user_not_found" time="0.033" /><testcase classname="tests.test_admin_users_management.TestAdminUserHistory" name="test_get_user_listening_history" time="0.040"><failure message="assert 200 == 201&#10; +  where 200 = &lt;Response [200]&gt;.status_code">tests/test_admin_users_management.py:452: in test_get_user_listening_history
    assert create_response.status_code == 201
E   assert 200 == 201
E    +  where 200 = &lt;Response [200]&gt;.status_code</failure></testcase><testcase classname="tests.test_admin_users_management.TestAdminUserHistory" name="test_get_user_transactions" time="0.075"><failure message="assert 200 == 201&#10; +  where 200 = &lt;Response [200]&gt;.status_code">tests/test_admin_users_management.py:480: in test_get_user_transactions
    assert create_response.status_code == 201
E   assert 200 == 201
E    +  where 200 = &lt;Response [200]&gt;.status_code</failure></testcase><testcase classname="tests.test_admin_users_management.TestExistingUserData" name="test_get_existing_user_by_id_pattern" time="0.523" /></testsuite></testsuites>