<?xml version="1.0" encoding="utf-8"?><testsuites name="pytest tests"><testsuite name="pytest" errors="0" failures="0" skipped="0" tests="24" time="1.730" timestamp="2026-02-01T11:07:07.498358+00:00" hostname="agent-env-bd0e7702-2ca6-4890-8078-1ad197b47e7a"><testcase classname="backend.tests.test_admin_control_management.TestHealthCheck" name="test_api_health" time="0.073" /><testcase classname="backend.tests.test_admin_control_management.TestCDNManagementDashboard" name="test_cdn_stats_endpoint_exists" time="0.043" /><testcase classname="backend.tests.test_admin_control_management.TestCDNManagementDashboard" name="test_cdn_stats_has_folders_object" time="0.044" /><testcase classname="backend.tests.test_admin_control_management.TestCDNManagementDashboard" name="test_cdn_stats_has_total_size_mb" time="0.055" /><testcase classname="backend.tests.test_admin_control_management.TestCDNManagementDashboard" name="test_cdn_stats_has_file_counts" time="0.046" /><testcase classname="backend.tests.test_admin_control_management.TestRBACRoleManagement" name="test_rbac_roles_endpoint_exists" time="0.044" /><testcase classname="backend.tests.test_admin_control_management.TestRBACRoleManagement" name="test_rbac_roles_has_all_roles_array" time="0.045" /><testcase classname="backend.tests.test_admin_control_management.TestRBACRoleManagement" name="test_rbac_stats_endpoint" time="0.046" /><testcase classname="backend.tests.test_admin_control_management.TestRBACRoleManagement" name="test_rbac_permissions_flat_array" time="0.039" /><testcase classname="backend.tests.test_admin_control_management.TestRBACRoleManagement" name="test_rbac_users_has_assigned_role" time="0.040" /><testcase classname="backend.tests.test_admin_control_management.TestRBACRoleManagement" name="test_rbac_assign_role_endpoint_exists" time="0.035" /><testcase classname="backend.tests.test_admin_control_management.TestApprovalsWorkflow" name="test_approvals_endpoint_exists" time="0.039" /><testcase classname="backend.tests.test_admin_control_management.TestApprovalsWorkflow" name="test_approvals_returns_choirs_with_singer_id" time="0.037" /><testcase classname="backend.tests.test_admin_control_management.TestApprovalsWorkflow" name="test_choir_registrations_endpoint" time="0.040" /><testcase classname="backend.tests.test_admin_control_management.TestApprovalsWorkflow" name="test_choir_approve_endpoint_exists" time="0.045" /><testcase classname="backend.tests.test_admin_control_management.TestBibleTTSSettings" name="test_tts_settings_get_endpoint" time="0.077" /><testcase classname="backend.tests.test_admin_control_management.TestBibleTTSSettings" name="test_tts_settings_has_default_speed" time="0.045" /><testcase classname="backend.tests.test_admin_control_management.TestBibleTTSSettings" name="test_tts_settings_update_speed" time="0.187" /><testcase classname="backend.tests.test_admin_control_management.TestBibleTTSSettings" name="test_tts_settings_speed_validation_min" time="0.036" /><testcase classname="backend.tests.test_admin_control_management.TestBibleTTSSettings" name="test_tts_settings_speed_validation_max" time="0.040" /><testcase classname="backend.tests.test_admin_control_management.TestLayoutManager" name="test_layout_sections_endpoint" time="0.043" /><testcase classname="backend.tests.test_admin_control_management.TestLayoutManager" name="test_layout_sections_include_inactive" time="0.075" /><testcase classname="backend.tests.test_admin_control_management.TestLayoutManager" name="test_layout_sections_structure" time="0.037" /><testcase classname="backend.tests.test_admin_control_management.TestIntegrationComplete" name="test_all_admin_endpoints_accessible" time="0.386" /></testsuite></testsuites>