<?xml version="1.0" encoding="utf-8"?><testsuites name="pytest tests"><testsuite name="pytest" errors="0" failures="2" skipped="0" tests="26" time="35.956" timestamp="2026-05-19T07:51:25.580093+00:00" hostname="agent-env-3a9da551-99ba-4ee3-96b1-3dacc50b0b5a"><testcase classname="backend.tests.test_analytics_listening_perf.TestListeningTracking" name="test_start_creates_session_and_active_stream" time="8.134" /><testcase classname="backend.tests.test_analytics_listening_perf.TestListeningTracking" name="test_start_persists_cloudflare_geo_to_app_user" time="0.822" /><testcase classname="backend.tests.test_analytics_listening_perf.TestListeningTracking" name="test_ping_updates_heartbeat" time="0.314" /><testcase classname="backend.tests.test_analytics_listening_perf.TestListeningTracking" name="test_ping_no_session_returns_ok_false" time="0.047" /><testcase classname="backend.tests.test_analytics_listening_perf.TestListeningTracking" name="test_end_closes_session_and_stream_no_play_count" time="0.567" /><testcase classname="backend.tests.test_analytics_listening_perf.TestListeningTracking" name="test_end_with_45_plus_seconds_counts_as_play" time="4.334" /><testcase classname="backend.tests.test_analytics_listening_perf.TestListeningTracking" name="test_end_sendbeacon_text_plain" time="0.867"><failure message="AssertionError: sendBeacon-style text/plain rejected with 422: {&quot;detail&quot;:[{&quot;type&quot;:&quot;dict_type&quot;,&quot;loc&quot;:[&quot;body&quot;],&quot;msg&quot;:&quot;Input should be a valid dictionary&quot;,&quot;input&quot;:&quot;{\&quot;session_id\&quot;: \&quot;ls_d65bbf18e5e1\&quot;, \&quot;duration_seconds\&quot;: 20}&quot;,&quot;url&quot;:&quot;https://errors.pydantic.dev/2.12/v/dict_type&quot;}]}. Endpoint must read body manually instead of declaring `data: dict`.&#10;assert 422 == 200&#10; +  where 422 = &lt;Response [422]&gt;.status_code">E   AssertionError: sendBeacon-style text/plain rejected with 422: {"detail":[{"type":"dict_type","loc":["body"],"msg":"Input should be a valid dictionary","input":"{\"session_id\": \"ls_d65bbf18e5e1\", \"duration_seconds\": 20}","url":"https://errors.pydantic.dev/2.12/v/dict_type"}]}. Endpoint must read body manually instead of declaring `data: dict`.
    assert 422 == 200
     +  where 422 = &lt;Response [422]&gt;.status_code</failure></testcase><testcase classname="backend.tests.test_analytics_listening_perf.TestRealtimeAnalytics" name="test_realtime_returns_expected_shape" time="2.135" /><testcase classname="backend.tests.test_analytics_listening_perf.TestRealtimeAnalytics" name="test_realtime_cache_warm_under_200ms" time="0.089" /><testcase classname="backend.tests.test_analytics_listening_perf.TestRealtimeAnalytics" name="test_realtime_picks_up_active_stream" time="1.864" /><testcase classname="backend.tests.test_analytics_listening_perf.TestLiveListeners" name="test_live_listeners_shape" time="0.557" /><testcase classname="backend.tests.test_analytics_listening_perf.TestLiveListeners" name="test_live_listeners_warm_cache" time="0.086" /><testcase classname="backend.tests.test_analytics_listening_perf.TestOverview" name="test_overview_total_users_includes_app_users" time="3.636" /><testcase classname="backend.tests.test_analytics_listening_perf.TestOverview" name="test_overview_cold_under_4s" time="0.045" /><testcase classname="backend.tests.test_analytics_listening_perf.TestOverview" name="test_overview_warm_cache_fast" time="0.087" /><testcase classname="backend.tests.test_analytics_listening_perf.TestTrends" name="test_trends_returns_shape" time="2.978" /><testcase classname="backend.tests.test_analytics_listening_perf.TestTrends" name="test_trends_warm_cache" time="0.086" /><testcase classname="backend.tests.test_analytics_listening_perf.TestTrends" name="test_trends_cold_under_4s" time="0.043" /><testcase classname="backend.tests.test_analytics_listening_perf.TestNenoActive" name="test_active_returns_shape" time="1.116" /><testcase classname="backend.tests.test_analytics_listening_perf.TestNenoActive" name="test_active_warm_cache" time="0.093" /><testcase classname="backend.tests.test_analytics_listening_perf.TestAppSettings" name="test_app_settings_returns_200" time="0.307" /><testcase classname="backend.tests.test_analytics_listening_perf.TestAppSettings" name="test_app_settings_warm_cache" time="0.087" /><testcase classname="backend.tests.test_analytics_listening_perf.TestGeoDetect" name="test_prefers_cf_country_via_localhost" time="0.003" /><testcase classname="backend.tests.test_analytics_listening_perf.TestUserHomeGeo" name="test_home_geo_uses_cf_header" time="7.480"><failure message="AssertionError: home/geo took 7479ms&#10;assert 7479.12335395813 &lt; 4000">E   AssertionError: home/geo took 7479ms
    assert 7479.12335395813 &lt; 4000</failure></testcase><testcase classname="backend.tests.test_analytics_listening_perf.TestUserHomeGeo" name="test_home_geo_warm" time="0.096" /><testcase classname="backend.tests.test_analytics_listening_perf" name="test_zzz_cleanup" time="0.000" /></testsuite></testsuites>