<?xml version="1.0" encoding="utf-8"?><testsuites name="pytest tests"><testsuite name="pytest" errors="0" failures="1" skipped="1" tests="21" time="1.495" timestamp="2026-01-14T17:21:30.259735+00:00" hostname="agent-env-fe543a54-c038-40da-9a27-d5ea7ccc6dfe"><testcase classname="tests.test_audio_player_improvements.TestUserHomeEndpoint" name="test_user_home_returns_sections" time="0.132" /><testcase classname="tests.test_audio_player_improvements.TestUserHomeEndpoint" name="test_user_home_returns_burners" time="0.092" /><testcase classname="tests.test_audio_player_improvements.TestUserHomeEndpoint" name="test_user_home_sections_have_items" time="0.084" /><testcase classname="tests.test_audio_player_improvements.TestUserHomeEndpoint" name="test_user_home_sections_have_required_fields" time="0.102" /><testcase classname="tests.test_audio_player_improvements.TestLayoutSectionsEndpoint" name="test_layout_sections_returns_sections" time="0.036" /><testcase classname="tests.test_audio_player_improvements.TestLayoutSectionsEndpoint" name="test_layout_sections_active_only" time="0.043" /><testcase classname="tests.test_audio_player_improvements.TestLayoutSectionsEndpoint" name="test_layout_sections_have_content_ids" time="0.036" /><testcase classname="tests.test_audio_player_improvements.TestCategoriesEndpoint" name="test_browse_categories_returns_list" time="0.035" /><testcase classname="tests.test_audio_player_improvements.TestCategoriesEndpoint" name="test_categories_have_required_fields" time="0.032" /><testcase classname="tests.test_audio_player_improvements.TestCategoryBrowseEndpoint" name="test_browse_category_returns_albums" time="0.111" /><testcase classname="tests.test_audio_player_improvements.TestCategoryBrowseEndpoint" name="test_browse_invalid_category_returns_404" time="0.037" /><testcase classname="tests.test_audio_player_improvements.TestAlbumEndpoint" name="test_album_returns_songs" time="0.130" /><testcase classname="tests.test_audio_player_improvements.TestAlbumEndpoint" name="test_invalid_album_returns_404" time="0.037" /><testcase classname="tests.test_audio_player_improvements.TestListeningSessionEndpoints" name="test_start_listening_session" time="0.032"><failure message="assert 404 == 200&#10; +  where 404 = &lt;Response [404]&gt;.status_code">tests/test_audio_player_improvements.py:189: in test_start_listening_session
    assert response.status_code == 200
E   assert 404 == 200
E    +  where 404 = &lt;Response [404]&gt;.status_code</failure></testcase><testcase classname="tests.test_audio_player_improvements.TestListeningSessionEndpoints" name="test_end_listening_session" time="0.037"><skipped type="pytest.skip" message="Could not create session to end">/app/tests/test_audio_player_improvements.py:211: Could not create session to end</skipped></testcase><testcase classname="tests.test_audio_player_improvements.TestSearchEndpoint" name="test_search_returns_results" time="0.042" /><testcase classname="tests.test_audio_player_improvements.TestSearchEndpoint" name="test_search_short_query" time="0.032" /><testcase classname="tests.test_audio_player_improvements.TestUserAuthEndpoints" name="test_user_registration" time="0.046" /><testcase classname="tests.test_audio_player_improvements.TestUserAuthEndpoints" name="test_user_login" time="0.074" /><testcase classname="tests.test_audio_player_improvements.TestLayoutBurnersEndpoint" name="test_layout_burners_returns_list" time="0.033" /><testcase classname="tests.test_audio_player_improvements.TestLayoutBurnersEndpoint" name="test_burners_have_required_fields" time="0.071" /></testsuite></testsuites>