<?xml version="1.0" encoding="utf-8"?><testsuites name="pytest tests"><testsuite name="pytest" errors="0" failures="0" skipped="0" tests="18" time="3.492" timestamp="2026-02-25T06:40:53.792689+00:00" hostname="agent-env-8a38daa6-02f8-4a36-913a-e1bb6b1285cf"><testcase classname="backend.tests.test_auth_seeall_hero.TestAuthSettings" name="test_get_available_methods" time="0.215" /><testcase classname="backend.tests.test_auth_seeall_hero.TestAuthSettings" name="test_get_admin_auth_settings" time="0.146" /><testcase classname="backend.tests.test_auth_seeall_hero.TestAuthSettings" name="test_update_auth_settings_disable_email" time="0.263" /><testcase classname="backend.tests.test_auth_seeall_hero.TestAuthSettings" name="test_login_fails_when_email_disabled" time="0.216" /><testcase classname="backend.tests.test_auth_seeall_hero.TestAuthSettings" name="test_update_auth_settings_enable_email" time="0.114" /><testcase classname="backend.tests.test_auth_seeall_hero.TestAuthSettings" name="test_toggle_phone_auth" time="0.386" /><testcase classname="backend.tests.test_auth_seeall_hero.TestAuthSettings" name="test_toggle_google_auth" time="0.334" /><testcase classname="backend.tests.test_auth_seeall_hero.TestSeeAllSection" name="test_get_section_content" time="0.117" /><testcase classname="backend.tests.test_auth_seeall_hero.TestSeeAllSection" name="test_section_pagination" time="0.130" /><testcase classname="backend.tests.test_auth_seeall_hero.TestSeeAllSection" name="test_section_search" time="0.219" /><testcase classname="backend.tests.test_auth_seeall_hero.TestSeeAllSection" name="test_section_items_have_required_fields" time="0.113" /><testcase classname="backend.tests.test_auth_seeall_hero.TestHeroSection" name="test_get_hero_config" time="0.112" /><testcase classname="backend.tests.test_auth_seeall_hero.TestHeroSection" name="test_home_hero_content_matches_config" time="0.264" /><testcase classname="backend.tests.test_auth_seeall_hero.TestHeroSection" name="test_hero_items_have_display_fields" time="0.116" /><testcase classname="backend.tests.test_auth_seeall_hero.TestHeroSection" name="test_hero_rotation_settings" time="0.101" /><testcase classname="backend.tests.test_auth_seeall_hero.TestLayoutSections" name="test_home_returns_sections" time="0.120" /><testcase classname="backend.tests.test_auth_seeall_hero.TestLayoutSections" name="test_sections_have_required_fields" time="0.125" /><testcase classname="backend.tests.test_auth_seeall_hero.TestLayoutSections" name="test_lent_songs_section_present" time="0.251" /></testsuite></testsuites>