<?xml version="1.0" encoding="utf-8"?><testsuites name="pytest tests"><testsuite name="pytest" errors="0" failures="0" skipped="0" tests="21" time="4.357" timestamp="2026-02-28T17:27:23.737931+00:00" hostname="agent-env-cbaa5764-1f5d-4735-82bc-ec52a90a14a5"><testcase classname="backend.tests.test_azampay_push_notifications.TestAzamPayCheckout" name="test_checkout_creates_pending_transaction" time="0.276" /><testcase classname="backend.tests.test_azampay_push_notifications.TestAzamPayCheckout" name="test_checkout_validates_required_fields" time="0.348" /><testcase classname="backend.tests.test_azampay_push_notifications.TestAzamPayCheckout" name="test_checkout_validates_phone_format" time="0.120" /><testcase classname="backend.tests.test_azampay_push_notifications.TestAzamPayCheckout" name="test_checkout_validates_plan_id" time="0.117" /><testcase classname="backend.tests.test_azampay_push_notifications.TestAzamPayCheckout" name="test_checkout_detects_mno_correctly" time="0.242" /><testcase classname="backend.tests.test_azampay_push_notifications.TestAzamPayTestConfirm" name="test_confirm_activates_subscription" time="0.378" /><testcase classname="backend.tests.test_azampay_push_notifications.TestAzamPayTestConfirm" name="test_confirm_creates_admin_notification" time="0.121" /><testcase classname="backend.tests.test_azampay_push_notifications.TestAzamPayTestConfirm" name="test_confirm_rejects_non_test_mode_transaction" time="0.118" /><testcase classname="backend.tests.test_azampay_push_notifications.TestAzamPayTestConfirm" name="test_confirm_rejects_already_processed_transaction" time="0.334" /><testcase classname="backend.tests.test_azampay_push_notifications.TestPushTokenRegistration" name="test_save_push_token" time="0.123" /><testcase classname="backend.tests.test_azampay_push_notifications.TestPushTokenRegistration" name="test_save_push_token_validates_required_fields" time="0.223" /><testcase classname="backend.tests.test_azampay_push_notifications.TestPushTokenRegistration" name="test_save_push_token_validates_user_exists" time="0.107" /><testcase classname="backend.tests.test_azampay_push_notifications.TestPushTokenStats" name="test_get_push_token_stats" time="0.108" /><testcase classname="backend.tests.test_azampay_push_notifications.TestAdminNotifications" name="test_get_admin_notifications" time="0.127" /><testcase classname="backend.tests.test_azampay_push_notifications.TestAdminNotifications" name="test_get_admin_notifications_with_limit" time="0.121" /><testcase classname="backend.tests.test_azampay_push_notifications.TestAdminNotifications" name="test_get_admin_notifications_unread_only" time="0.106" /><testcase classname="backend.tests.test_azampay_push_notifications.TestAdminNotifications" name="test_mark_notification_read" time="0.237" /><testcase classname="backend.tests.test_azampay_push_notifications.TestAdminNotificationSettings" name="test_get_notification_settings" time="0.143" /><testcase classname="backend.tests.test_azampay_push_notifications.TestAdminNotificationSettings" name="test_update_notification_settings" time="0.532" /><testcase classname="backend.tests.test_azampay_push_notifications.TestTransactionStatus" name="test_get_transaction_status" time="0.217" /><testcase classname="backend.tests.test_azampay_push_notifications.TestTransactionStatus" name="test_get_transaction_status_not_found" time="0.107" /></testsuite></testsuites>