<?xml version="1.0" encoding="utf-8"?><testsuites name="pytest tests"><testsuite name="pytest" errors="0" failures="0" skipped="0" tests="20" time="9.098" timestamp="2026-01-31T19:28:45.062831+00:00" hostname="agent-env-3fef002c-affe-4adf-9b2d-640533a80d2f"><testcase classname="backend.tests.test_bible_admin_features.TestTTSVoiceSelection" name="test_get_tts_voices" time="0.093" /><testcase classname="backend.tests.test_bible_admin_features.TestTTSVoiceSelection" name="test_voice_preview_zuri_female" time="2.588" /><testcase classname="backend.tests.test_bible_admin_features.TestTTSVoiceSelection" name="test_voice_preview_rafiki_male" time="1.734" /><testcase classname="backend.tests.test_bible_admin_features.TestTTSVoiceSelection" name="test_different_voices_produce_different_audio" time="3.198" /><testcase classname="backend.tests.test_bible_admin_features.TestTTSVoiceSelection" name="test_verse_tts_with_voice_parameter" time="0.084" /><testcase classname="backend.tests.test_bible_admin_features.TestTTSCacheAdmin" name="test_get_tts_cache" time="0.112" /><testcase classname="backend.tests.test_bible_admin_features.TestTTSCacheAdmin" name="test_tts_cache_structure" time="0.113" /><testcase classname="backend.tests.test_bible_admin_features.TestTTSCacheAdmin" name="test_delete_nonexistent_cache_entry" time="0.036" /><testcase classname="backend.tests.test_bible_admin_features.TestTTSCacheAdmin" name="test_clear_all_cache" time="0.183" /><testcase classname="backend.tests.test_bible_admin_features.TestSnippetAdmin" name="test_get_admin_snippets" time="0.156" /><testcase classname="backend.tests.test_bible_admin_features.TestSnippetAdmin" name="test_create_snippet" time="0.034" /><testcase classname="backend.tests.test_bible_admin_features.TestSnippetAdmin" name="test_update_snippet" time="0.033" /><testcase classname="backend.tests.test_bible_admin_features.TestSnippetAdmin" name="test_toggle_snippet_active_status" time="0.067" /><testcase classname="backend.tests.test_bible_admin_features.TestSnippetAdmin" name="test_delete_snippet" time="0.101" /><testcase classname="backend.tests.test_bible_admin_features.TestSnippetAdmin" name="test_update_nonexistent_snippet" time="0.034" /><testcase classname="backend.tests.test_bible_admin_features.TestSnippetAdmin" name="test_delete_nonexistent_snippet" time="0.073" /><testcase classname="backend.tests.test_bible_admin_features.TestSnippetAdmin" name="test_cleanup_test_snippets" time="0.228" /><testcase classname="backend.tests.test_bible_admin_features.TestBibleSettings" name="test_get_bible_settings" time="0.036" /><testcase classname="backend.tests.test_bible_admin_features.TestBibleSettings" name="test_update_bible_settings" time="0.072" /><testcase classname="backend.tests.test_bible_admin_features.TestListeningStats" name="test_get_listening_stats" time="0.036" /></testsuite></testsuites>