<?xml version="1.0" encoding="utf-8"?><testsuites name="pytest tests"><testsuite name="pytest" errors="0" failures="1" skipped="0" tests="16" time="5.629" timestamp="2026-01-18T23:33:54.644539+00:00" hostname="agent-env-00044986-eecc-4132-9358-10a4aa813092"><testcase classname="tests.test_bible_api.TestBibleStats" name="test_get_bible_stats" time="0.070" /><testcase classname="tests.test_bible_api.TestBibleBooks" name="test_get_bible_books" time="0.039" /><testcase classname="tests.test_bible_api.TestBibleBooks" name="test_get_book_chapters" time="0.078" /><testcase classname="tests.test_bible_api.TestBibleBooks" name="test_get_chapter_verses" time="0.122" /><testcase classname="tests.test_bible_api.TestBibleTTS" name="test_get_tts_voices" time="0.073" /><testcase classname="tests.test_bible_api.TestBibleTTS" name="test_generate_verse_audio" time="1.870" /><testcase classname="tests.test_bible_api.TestBibleTTS" name="test_generate_verse_audio_missing_params" time="0.037" /><testcase classname="tests.test_bible_api.TestBibleTTS" name="test_generate_verse_audio_not_found" time="0.040" /><testcase classname="tests.test_bible_api.TestBibleSnippets" name="test_get_user_snippets" time="0.041" /><testcase classname="tests.test_bible_api.TestBibleSnippets" name="test_get_admin_snippets" time="0.038" /><testcase classname="tests.test_bible_api.TestBibleSnippets" name="test_create_snippet" time="2.407" /><testcase classname="tests.test_bible_api.TestBibleSnippets" name="test_get_snippet_with_audio" time="0.100" /><testcase classname="tests.test_bible_api.TestBibleSnippets" name="test_get_snippet_not_found" time="0.037" /><testcase classname="tests.test_bible_api.TestBibleAnalytics" name="test_get_analytics" time="0.038" /><testcase classname="tests.test_bible_api.TestBibleSearch" name="test_search_bible" time="0.356"><failure message="assert 520 == 200&#10; +  where 520 = &lt;Response [520]&gt;.status_code">tests/test_bible_api.py:342: in test_search_bible
    assert response.status_code == 200
E   assert 520 == 200
E    +  where 520 = &lt;Response [520]&gt;.status_code</failure></testcase><testcase classname="tests.test_bible_api.TestBiblePassage" name="test_get_passage" time="0.167" /></testsuite></testsuites>