<?xml version="1.0" encoding="utf-8"?><testsuites name="pytest tests"><testsuite name="pytest" errors="0" failures="0" skipped="0" tests="16" time="1.553" timestamp="2026-01-18T23:37:18.667118+00:00" hostname="agent-env-00044986-eecc-4132-9358-10a4aa813092"><testcase classname="tests.test_bible_api.TestBibleStats" name="test_get_bible_stats" time="0.055" /><testcase classname="tests.test_bible_api.TestBibleBooks" name="test_get_bible_books" time="0.075" /><testcase classname="tests.test_bible_api.TestBibleBooks" name="test_get_book_chapters" time="0.078" /><testcase classname="tests.test_bible_api.TestBibleBooks" name="test_get_chapter_verses" time="0.130" /><testcase classname="tests.test_bible_api.TestBibleTTS" name="test_get_tts_voices" time="0.032" /><testcase classname="tests.test_bible_api.TestBibleTTS" name="test_generate_verse_audio" time="0.213" /><testcase classname="tests.test_bible_api.TestBibleTTS" name="test_generate_verse_audio_missing_params" time="0.033" /><testcase classname="tests.test_bible_api.TestBibleTTS" name="test_generate_verse_audio_not_found" time="0.035" /><testcase classname="tests.test_bible_api.TestBibleSnippets" name="test_get_user_snippets" time="0.038" /><testcase classname="tests.test_bible_api.TestBibleSnippets" name="test_get_admin_snippets" time="0.037" /><testcase classname="tests.test_bible_api.TestBibleSnippets" name="test_create_snippet" time="0.115" /><testcase classname="tests.test_bible_api.TestBibleSnippets" name="test_get_snippet_with_audio" time="0.092" /><testcase classname="tests.test_bible_api.TestBibleSnippets" name="test_get_snippet_not_found" time="0.034" /><testcase classname="tests.test_bible_api.TestBibleAnalytics" name="test_get_analytics" time="0.044" /><testcase classname="tests.test_bible_api.TestBibleSearch" name="test_search_bible" time="0.342" /><testcase classname="tests.test_bible_api.TestBiblePassage" name="test_get_passage" time="0.146" /></testsuite></testsuites>