<?xml version="1.0" encoding="utf-8"?><testsuites name="pytest tests"><testsuite name="pytest" errors="0" failures="0" skipped="0" tests="10" time="2.810" timestamp="2026-02-28T16:14:42.634793+00:00" hostname="agent-env-cbaa5764-1f5d-4735-82bc-ec52a90a14a5"><testcase classname="backend.tests.test_billing_premium_gating.TestBillingStatus" name="test_billing_status_endpoint_returns_billing_enabled_flag" time="0.301" /><testcase classname="backend.tests.test_billing_premium_gating.TestBillingStatus" name="test_billing_status_returns_premium_features_config" time="0.108" /><testcase classname="backend.tests.test_billing_premium_gating.TestBillingToggle" name="test_toggle_billing_off" time="0.387" /><testcase classname="backend.tests.test_billing_premium_gating.TestBillingToggle" name="test_toggle_billing_on" time="0.279" /><testcase classname="backend.tests.test_billing_premium_gating.TestPlaylistPremiumGating" name="test_playlist_creation_blocked_when_billing_enabled_non_premium" time="0.389" /><testcase classname="backend.tests.test_billing_premium_gating.TestPlaylistPremiumGating" name="test_playlist_creation_allowed_when_billing_disabled" time="0.387" /><testcase classname="backend.tests.test_billing_premium_gating.TestPlaylistPremiumGating" name="test_get_playlists_works_regardless_of_billing" time="0.123" /><testcase classname="backend.tests.test_billing_premium_gating.TestUserSubscriptionStatus" name="test_subscription_status_returns_free_access_when_billing_disabled" time="0.428" /><testcase classname="backend.tests.test_billing_premium_gating.TestMonetizationSettings" name="test_get_monetization_settings" time="0.115" /><testcase classname="backend.tests.test_billing_premium_gating.TestMonetizationSettings" name="test_monetization_settings_alias" time="0.227" /></testsuite></testsuites>