<?xml version="1.0" encoding="utf-8"?><testsuites name="pytest tests"><testsuite name="pytest" errors="0" failures="0" skipped="1" tests="10" time="2.689" timestamp="2026-02-28T16:13:44.117218+00:00" hostname="agent-env-cbaa5764-1f5d-4735-82bc-ec52a90a14a5"><testcase classname="backend.tests.test_billing_premium_gating.TestBillingStatus" name="test_billing_status_endpoint_returns_billing_enabled_flag" time="0.275" /><testcase classname="backend.tests.test_billing_premium_gating.TestBillingStatus" name="test_billing_status_returns_premium_features_config" time="0.104" /><testcase classname="backend.tests.test_billing_premium_gating.TestBillingToggle" name="test_toggle_billing_off" time="0.382" /><testcase classname="backend.tests.test_billing_premium_gating.TestBillingToggle" name="test_toggle_billing_on" time="0.284" /><testcase classname="backend.tests.test_billing_premium_gating.TestPlaylistPremiumGating" name="test_playlist_creation_blocked_when_billing_enabled_non_premium" time="0.395" /><testcase classname="backend.tests.test_billing_premium_gating.TestPlaylistPremiumGating" name="test_playlist_creation_allowed_when_billing_disabled" time="0.441" /><testcase classname="backend.tests.test_billing_premium_gating.TestPlaylistPremiumGating" name="test_get_playlists_works_regardless_of_billing" time="0.119" /><testcase classname="backend.tests.test_billing_premium_gating.TestUserSubscriptionStatus" name="test_subscription_status_returns_free_access_when_billing_disabled" time="0.290"><skipped type="pytest.skip" message="Could not get user profile: 404">/app/backend/tests/test_billing_premium_gating.py:273: Could not get user profile: 404</skipped></testcase><testcase classname="backend.tests.test_billing_premium_gating.TestMonetizationSettings" name="test_get_monetization_settings" time="0.119" /><testcase classname="backend.tests.test_billing_premium_gating.TestMonetizationSettings" name="test_monetization_settings_alias" time="0.212" /></testsuite></testsuites>