<?xml version="1.0" encoding="utf-8"?><testsuites name="pytest tests"><testsuite name="pytest" errors="0" failures="0" skipped="0" tests="33" time="5.853" timestamp="2026-02-25T06:11:52.785591+00:00" hostname="agent-env-8a38daa6-02f8-4a36-913a-e1bb6b1285cf"><testcase classname="backend.tests.test_billing_payment.TestBillingStatus" name="test_billing_status_returns_200" time="0.236" /><testcase classname="backend.tests.test_billing_payment.TestBillingStatus" name="test_billing_status_has_required_fields" time="0.114" /><testcase classname="backend.tests.test_billing_payment.TestBillingStatus" name="test_billing_status_has_optional_fields" time="0.120" /><testcase classname="backend.tests.test_billing_payment.TestSubscriptionPlans" name="test_subscription_plans_returns_200" time="0.127" /><testcase classname="backend.tests.test_billing_payment.TestSubscriptionPlans" name="test_subscription_plans_has_plans_array" time="0.112" /><testcase classname="backend.tests.test_billing_payment.TestSubscriptionPlans" name="test_subscription_plans_billing_disabled_returns_empty" time="0.223" /><testcase classname="backend.tests.test_billing_payment.TestSubscriptionPlans" name="test_subscription_plans_structure" time="0.111" /><testcase classname="backend.tests.test_billing_payment.TestUserSubscriptionStatus" name="test_subscription_status_returns_200" time="0.109" /><testcase classname="backend.tests.test_billing_payment.TestUserSubscriptionStatus" name="test_subscription_status_invalid_user_returns_404" time="0.121" /><testcase classname="backend.tests.test_billing_payment.TestUserSubscriptionStatus" name="test_subscription_status_has_required_fields" time="0.124" /><testcase classname="backend.tests.test_billing_payment.TestUserSubscriptionStatus" name="test_subscription_status_free_access_when_billing_disabled" time="0.203" /><testcase classname="backend.tests.test_billing_payment.TestAzamPayCheckout" name="test_checkout_missing_fields_returns_400" time="0.106" /><testcase classname="backend.tests.test_billing_payment.TestAzamPayCheckout" name="test_checkout_invalid_phone_returns_400" time="0.108" /><testcase classname="backend.tests.test_billing_payment.TestAzamPayCheckout" name="test_checkout_vodacom_mno_detection" time="0.099" /><testcase classname="backend.tests.test_billing_payment.TestAzamPayCheckout" name="test_checkout_tigo_mno_detection" time="0.137" /><testcase classname="backend.tests.test_billing_payment.TestAzamPayCheckout" name="test_checkout_airtel_mno_detection" time="0.118" /><testcase classname="backend.tests.test_billing_payment.TestAzamPayCheckout" name="test_checkout_halotel_mno_detection" time="0.108" /><testcase classname="backend.tests.test_billing_payment.TestAzamPayCheckout" name="test_checkout_returns_transaction_id" time="0.103" /><testcase classname="backend.tests.test_billing_payment.TestAzamPayCheckout" name="test_checkout_test_mode_flag" time="0.105" /><testcase classname="backend.tests.test_billing_payment.TestAzamPayTestConfirm" name="test_confirm_invalid_transaction_returns_404" time="0.109" /><testcase classname="backend.tests.test_billing_payment.TestAzamPayTestConfirm" name="test_confirm_creates_and_confirms_transaction" time="0.418" /><testcase classname="backend.tests.test_billing_payment.TestAzamPayTestConfirm" name="test_confirm_already_processed_returns_400" time="0.321" /><testcase classname="backend.tests.test_billing_payment.TestAzamPayTestConfirm" name="test_confirm_cancel_action" time="0.257" /><testcase classname="backend.tests.test_billing_payment.TestAzamPayStatus" name="test_status_invalid_transaction_returns_404" time="0.110" /><testcase classname="backend.tests.test_billing_payment.TestAzamPayStatus" name="test_status_returns_transaction_details" time="0.216" /><testcase classname="backend.tests.test_billing_payment.TestMonetizationSettings" name="test_get_monetization_settings_returns_200" time="0.167" /><testcase classname="backend.tests.test_billing_payment.TestMonetizationSettings" name="test_get_monetization_settings_has_billing_enabled" time="0.103" /><testcase classname="backend.tests.test_billing_payment.TestMonetizationSettings" name="test_post_monetization_settings_toggle_billing" time="0.433" /><testcase classname="backend.tests.test_billing_payment.TestBillingFlowIntegration" name="test_billing_disabled_flow" time="0.430" /><testcase classname="backend.tests.test_billing_payment.TestBillingFlowIntegration" name="test_billing_enabled_flow" time="0.336" /><testcase classname="backend.tests.test_billing_payment.TestPhoneNormalization" name="test_phone_with_leading_zero" time="0.103" /><testcase classname="backend.tests.test_billing_payment.TestPhoneNormalization" name="test_phone_with_255_prefix" time="0.107" /><testcase classname="backend.tests.test_billing_payment.TestPhoneNormalization" name="test_phone_with_plus_255_prefix" time="0.105" /></testsuite></testsuites>