<?xml version="1.0" encoding="utf-8"?><testsuites name="pytest tests"><testsuite name="pytest" errors="0" failures="0" skipped="0" tests="7" time="8.081" timestamp="2026-07-29T13:41:14.548499+00:00" hostname="agent-env-3a9da551-99ba-4ee3-96b1-3dacc50b0b5a"><testcase classname="backend.tests.test_billing_toggle_e2e.TestBillingToggleE2E" name="test_1_toggle_on_off_propagates" time="3.926" /><testcase classname="backend.tests.test_billing_toggle_e2e.TestBillingToggleE2E" name="test_2_subflag_defaults_when_no_monetization_doc" time="1.213" /><testcase classname="backend.tests.test_billing_toggle_e2e.TestBillingToggleE2E" name="test_3_put_monetization_settings_returns_200" time="0.793" /><testcase classname="backend.tests.test_billing_toggle_e2e.TestBillingToggleE2E" name="test_4_upsert_pattern_no_bloat" time="0.606" /><testcase classname="backend.tests.test_billing_toggle_e2e.TestBillingToggleE2E" name="test_5_legacy_post_still_works" time="0.748" /><testcase classname="backend.tests.test_billing_toggle_e2e.TestBillingToggleE2E" name="test_6_billing_status_cache_headers" time="0.341" /><testcase classname="backend.tests.test_billing_toggle_e2e.TestBillingToggleE2E" name="test_7_regression_admin_settings_persists" time="0.394" /></testsuite></testsuites>