<?xml version="1.0" encoding="utf-8"?><testsuites name="pytest tests"><testsuite name="pytest" errors="0" failures="1" skipped="0" tests="9" time="0.613" timestamp="2026-01-31T18:14:15.389468+00:00" hostname="agent-env-3fef002c-affe-4adf-9b2d-640533a80d2f"><testcase classname="tests.test_bug_fixes_bible_mixes_leaders.TestBibleStats" name="test_bible_stats_returns_required_fields" time="0.082" /><testcase classname="tests.test_bug_fixes_bible_mixes_leaders.TestBibleStats" name="test_bible_stats_with_language_param" time="0.044" /><testcase classname="tests.test_bug_fixes_bible_mixes_leaders.TestSpecialMixes" name="test_create_special_mix_with_title_and_songs" time="0.076" /><testcase classname="tests.test_bug_fixes_bible_mixes_leaders.TestSpecialMixes" name="test_get_special_mixes_list" time="0.035"><failure message="assert 520 == 200&#10; +  where 520 = &lt;Response [520]&gt;.status_code">tests/test_bug_fixes_bible_mixes_leaders.py:106: in test_get_special_mixes_list
    assert response.status_code == 200
E   assert 520 == 200
E    +  where 520 = &lt;Response [520]&gt;.status_code</failure></testcase><testcase classname="tests.test_bug_fixes_bible_mixes_leaders.TestLeaders" name="test_get_leaders_list" time="0.038" /><testcase classname="tests.test_bug_fixes_bible_mixes_leaders.TestLeaders" name="test_create_leader" time="0.074" /><testcase classname="tests.test_bug_fixes_bible_mixes_leaders.TestLeaders" name="test_update_leader" time="0.110" /><testcase classname="tests.test_bug_fixes_bible_mixes_leaders.TestLeaders" name="test_upload_endpoint_exists" time="0.037" /><testcase classname="tests.test_bug_fixes_bible_mixes_leaders.TestHealthCheck" name="test_health_endpoint" time="0.046" /></testsuite></testsuites>