<?xml version="1.0" encoding="utf-8"?><testsuites name="pytest tests"><testsuite name="pytest" errors="0" failures="0" skipped="0" tests="9" time="0.593" timestamp="2026-01-31T18:14:46.111826+00:00" hostname="agent-env-3fef002c-affe-4adf-9b2d-640533a80d2f"><testcase classname="tests.test_bug_fixes_bible_mixes_leaders.TestBibleStats" name="test_bible_stats_returns_required_fields" time="0.084" /><testcase classname="tests.test_bug_fixes_bible_mixes_leaders.TestBibleStats" name="test_bible_stats_with_language_param" time="0.054" /><testcase classname="tests.test_bug_fixes_bible_mixes_leaders.TestSpecialMixes" name="test_create_special_mix_with_title_and_songs" time="0.080" /><testcase classname="tests.test_bug_fixes_bible_mixes_leaders.TestSpecialMixes" name="test_get_special_mixes_list" time="0.037" /><testcase classname="tests.test_bug_fixes_bible_mixes_leaders.TestLeaders" name="test_get_leaders_list" time="0.038" /><testcase classname="tests.test_bug_fixes_bible_mixes_leaders.TestLeaders" name="test_create_leader" time="0.076" /><testcase classname="tests.test_bug_fixes_bible_mixes_leaders.TestLeaders" name="test_update_leader" time="0.105" /><testcase classname="tests.test_bug_fixes_bible_mixes_leaders.TestLeaders" name="test_upload_endpoint_exists" time="0.035" /><testcase classname="tests.test_bug_fixes_bible_mixes_leaders.TestHealthCheck" name="test_health_endpoint" time="0.035" /></testsuite></testsuites>