<?xml version="1.0" encoding="utf-8"?><testsuites name="pytest tests"><testsuite name="pytest" errors="0" failures="0" skipped="0" tests="5" time="4.856" timestamp="2026-04-02T18:33:41.161509+00:00" hostname="agent-env-91637c50-3427-44e4-92bc-23eab5273fc1"><testcase classname="tests.test_bug_fixes_iteration45.TestHLSStatusInSongs" name="test_songs_endpoint_returns_hls_fields" time="3.296" /><testcase classname="tests.test_bug_fixes_iteration45.TestAnalyticsEndpoints" name="test_user_demographics_no_crash" time="0.369" /><testcase classname="tests.test_bug_fixes_iteration45.TestAnalyticsEndpoints" name="test_device_distribution_no_crash" time="0.378" /><testcase classname="tests.test_bug_fixes_iteration45.TestPlaylistAuthRequired" name="test_create_playlist_without_auth_returns_401" time="0.110" /><testcase classname="tests.test_bug_fixes_iteration45.TestAdminLoginEmptyPassword" name="test_admin_login_with_empty_password" time="0.651" /></testsuite></testsuites>