<?xml version="1.0" encoding="utf-8"?><testsuites name="pytest tests"><testsuite name="pytest" errors="0" failures="0" skipped="0" tests="25" time="5.749" timestamp="2026-02-28T18:36:46.702853+00:00" hostname="agent-env-cbaa5764-1f5d-4735-82bc-ec52a90a14a5"><testcase classname="backend.tests.test_campaign_targeting.TestCampaignTargeting" name="test_content_search_returns_results" time="0.282" /><testcase classname="backend.tests.test_campaign_targeting.TestCampaignTargeting" name="test_content_search_filters_by_type" time="0.237" /><testcase classname="backend.tests.test_campaign_targeting.TestCampaignTargeting" name="test_content_search_result_structure" time="0.174" /><testcase classname="backend.tests.test_campaign_targeting.TestCampaignTargeting" name="test_get_countries_returns_list" time="0.163" /><testcase classname="backend.tests.test_campaign_targeting.TestCampaignTargeting" name="test_get_countries_includes_expected" time="0.175" /><testcase classname="backend.tests.test_campaign_targeting.TestCampaignTargeting" name="test_get_regions_for_country" time="0.178" /><testcase classname="backend.tests.test_campaign_targeting.TestCampaignTargeting" name="test_get_regions_requires_country" time="0.180" /><testcase classname="backend.tests.test_campaign_targeting.TestCampaignTargeting" name="test_preview_target_count_basic" time="0.200" /><testcase classname="backend.tests.test_campaign_targeting.TestCampaignTargeting" name="test_preview_target_count_with_country" time="0.185" /><testcase classname="backend.tests.test_campaign_targeting.TestCampaignTargeting" name="test_preview_target_count_with_max_users" time="0.164" /><testcase classname="backend.tests.test_campaign_targeting.TestCampaignTargeting" name="test_preview_target_count_sample_users" time="0.166" /><testcase classname="backend.tests.test_campaign_targeting.TestCampaignTargeting" name="test_preview_users_basic" time="0.166" /><testcase classname="backend.tests.test_campaign_targeting.TestCampaignTargeting" name="test_preview_users_structure" time="0.193" /><testcase classname="backend.tests.test_campaign_targeting.TestCampaignTargeting" name="test_preview_users_with_country_filter" time="0.227" /><testcase classname="backend.tests.test_campaign_targeting.TestCampaignTargeting" name="test_preview_users_with_content_filter" time="0.178" /><testcase classname="backend.tests.test_campaign_targeting.TestCampaignTargeting" name="test_preview_users_with_max_users" time="0.161" /><testcase classname="backend.tests.test_campaign_targeting.TestCampaignTargeting" name="test_create_campaign_with_country_filter" time="0.331" /><testcase classname="backend.tests.test_campaign_targeting.TestCampaignTargeting" name="test_create_campaign_with_content_filters" time="0.357" /><testcase classname="backend.tests.test_campaign_targeting.TestCampaignTargeting" name="test_create_campaign_with_max_users" time="0.326" /><testcase classname="backend.tests.test_campaign_targeting.TestCampaignTargeting" name="test_create_campaign_with_excluded_users" time="0.335" /><testcase classname="backend.tests.test_campaign_targeting.TestCampaignTargeting" name="test_create_campaign_with_all_filters" time="0.442" /><testcase classname="backend.tests.test_campaign_targeting.TestCampaignTargetingEdgeCases" name="test_content_search_empty_query" time="0.174" /><testcase classname="backend.tests.test_campaign_targeting.TestCampaignTargetingEdgeCases" name="test_content_search_no_results" time="0.200" /><testcase classname="backend.tests.test_campaign_targeting.TestCampaignTargetingEdgeCases" name="test_regions_for_nonexistent_country" time="0.169" /><testcase classname="backend.tests.test_campaign_targeting.TestCampaignTargetingEdgeCases" name="test_preview_users_empty_filters" time="0.290" /></testsuite></testsuites>