<?xml version="1.0" encoding="utf-8"?><testsuites name="pytest tests"><testsuite name="pytest" errors="0" failures="5" skipped="0" tests="25" time="4.684" timestamp="2026-02-28T18:35:31.476220+00:00" hostname="agent-env-cbaa5764-1f5d-4735-82bc-ec52a90a14a5"><testcase classname="backend.tests.test_campaign_targeting.TestCampaignTargeting" name="test_content_search_returns_results" time="0.222" /><testcase classname="backend.tests.test_campaign_targeting.TestCampaignTargeting" name="test_content_search_filters_by_type" time="0.228" /><testcase classname="backend.tests.test_campaign_targeting.TestCampaignTargeting" name="test_content_search_result_structure" time="0.165" /><testcase classname="backend.tests.test_campaign_targeting.TestCampaignTargeting" name="test_get_countries_returns_list" time="0.177" /><testcase classname="backend.tests.test_campaign_targeting.TestCampaignTargeting" name="test_get_countries_includes_expected" time="0.174" /><testcase classname="backend.tests.test_campaign_targeting.TestCampaignTargeting" name="test_get_regions_for_country" time="0.165" /><testcase classname="backend.tests.test_campaign_targeting.TestCampaignTargeting" name="test_get_regions_requires_country" time="0.176" /><testcase classname="backend.tests.test_campaign_targeting.TestCampaignTargeting" name="test_preview_target_count_basic" time="0.159" /><testcase classname="backend.tests.test_campaign_targeting.TestCampaignTargeting" name="test_preview_target_count_with_country" time="0.236" /><testcase classname="backend.tests.test_campaign_targeting.TestCampaignTargeting" name="test_preview_target_count_with_max_users" time="0.197" /><testcase classname="backend.tests.test_campaign_targeting.TestCampaignTargeting" name="test_preview_target_count_sample_users" time="0.154" /><testcase classname="backend.tests.test_campaign_targeting.TestCampaignTargeting" name="test_preview_users_basic" time="0.212" /><testcase classname="backend.tests.test_campaign_targeting.TestCampaignTargeting" name="test_preview_users_structure" time="0.174" /><testcase classname="backend.tests.test_campaign_targeting.TestCampaignTargeting" name="test_preview_users_with_country_filter" time="0.158" /><testcase classname="backend.tests.test_campaign_targeting.TestCampaignTargeting" name="test_preview_users_with_content_filter" time="0.174" /><testcase classname="backend.tests.test_campaign_targeting.TestCampaignTargeting" name="test_preview_users_with_max_users" time="0.193" /><testcase classname="backend.tests.test_campaign_targeting.TestCampaignTargeting" name="test_create_campaign_with_country_filter" time="0.178"><failure message="assert 422 == 200&#10; +  where 422 = &lt;Response [422]&gt;.status_code">backend/tests/test_campaign_targeting.py:222: in test_create_campaign_with_country_filter
    assert response.status_code == 200
E   assert 422 == 200
E    +  where 422 = &lt;Response [422]&gt;.status_code</failure></testcase><testcase classname="backend.tests.test_campaign_targeting.TestCampaignTargeting" name="test_create_campaign_with_content_filters" time="0.183"><failure message="assert 422 == 200&#10; +  where 422 = &lt;Response [422]&gt;.status_code">backend/tests/test_campaign_targeting.py:243: in test_create_campaign_with_content_filters
    assert response.status_code == 200
E   assert 422 == 200
E    +  where 422 = &lt;Response [422]&gt;.status_code</failure></testcase><testcase classname="backend.tests.test_campaign_targeting.TestCampaignTargeting" name="test_create_campaign_with_max_users" time="0.157"><failure message="assert 422 == 200&#10; +  where 422 = &lt;Response [422]&gt;.status_code">backend/tests/test_campaign_targeting.py:266: in test_create_campaign_with_max_users
    assert response.status_code == 200
E   assert 422 == 200
E    +  where 422 = &lt;Response [422]&gt;.status_code</failure></testcase><testcase classname="backend.tests.test_campaign_targeting.TestCampaignTargeting" name="test_create_campaign_with_excluded_users" time="0.166"><failure message="assert 422 == 200&#10; +  where 422 = &lt;Response [422]&gt;.status_code">backend/tests/test_campaign_targeting.py:286: in test_create_campaign_with_excluded_users
    assert response.status_code == 200
E   assert 422 == 200
E    +  where 422 = &lt;Response [422]&gt;.status_code</failure></testcase><testcase classname="backend.tests.test_campaign_targeting.TestCampaignTargeting" name="test_create_campaign_with_all_filters" time="0.164"><failure message="assert 422 == 200&#10; +  where 422 = &lt;Response [422]&gt;.status_code">backend/tests/test_campaign_targeting.py:313: in test_create_campaign_with_all_filters
    assert response.status_code == 200
E   assert 422 == 200
E    +  where 422 = &lt;Response [422]&gt;.status_code</failure></testcase><testcase classname="backend.tests.test_campaign_targeting.TestCampaignTargetingEdgeCases" name="test_content_search_empty_query" time="0.171" /><testcase classname="backend.tests.test_campaign_targeting.TestCampaignTargetingEdgeCases" name="test_content_search_no_results" time="0.202" /><testcase classname="backend.tests.test_campaign_targeting.TestCampaignTargetingEdgeCases" name="test_regions_for_nonexistent_country" time="0.169" /><testcase classname="backend.tests.test_campaign_targeting.TestCampaignTargetingEdgeCases" name="test_preview_users_empty_filters" time="0.204" /></testsuite></testsuites>