<?xml version="1.0" encoding="utf-8"?><testsuites name="pytest tests"><testsuite name="pytest" errors="0" failures="0" skipped="0" tests="18" time="1.184" timestamp="2026-01-16T17:25:23.609741+00:00" hostname="agent-env-83b94b65-63d2-402e-8ed5-3829d8aa4af7"><testcase classname="tests.test_choir_registration_forgot_password.TestChoirSelfRegistration" name="test_01_register_choir_success" time="0.093" /><testcase classname="tests.test_choir_registration_forgot_password.TestChoirSelfRegistration" name="test_02_register_duplicate_email_fails" time="0.039" /><testcase classname="tests.test_choir_registration_forgot_password.TestChoirSelfRegistration" name="test_03_register_missing_fields_fails" time="0.077" /><testcase classname="tests.test_choir_registration_forgot_password.TestChoirSelfRegistration" name="test_04_get_pending_registrations" time="0.039" /><testcase classname="tests.test_choir_registration_forgot_password.TestChoirSelfRegistration" name="test_05_approve_choir_registration" time="0.043" /><testcase classname="tests.test_choir_registration_forgot_password.TestChoirSelfRegistration" name="test_06_approve_nonexistent_choir_fails" time="0.040" /><testcase classname="tests.test_choir_registration_forgot_password.TestChoirSelfRegistration" name="test_07_reject_choir_registration" time="0.085" /><testcase classname="tests.test_choir_registration_forgot_password.TestForgotPasswordFlow" name="test_01_send_reset_otp_via_email" time="0.107" /><testcase classname="tests.test_choir_registration_forgot_password.TestForgotPasswordFlow" name="test_02_send_reset_otp_via_phone" time="0.042" /><testcase classname="tests.test_choir_registration_forgot_password.TestForgotPasswordFlow" name="test_03_send_reset_nonexistent_user_fails" time="0.039" /><testcase classname="tests.test_choir_registration_forgot_password.TestForgotPasswordFlow" name="test_04_send_reset_missing_identifier_fails" time="0.036" /><testcase classname="tests.test_choir_registration_forgot_password.TestForgotPasswordFlow" name="test_05_verify_reset_otp" time="0.081" /><testcase classname="tests.test_choir_registration_forgot_password.TestForgotPasswordFlow" name="test_06_verify_invalid_otp_fails" time="0.078" /><testcase classname="tests.test_choir_registration_forgot_password.TestForgotPasswordFlow" name="test_07_reset_password_success" time="0.041" /><testcase classname="tests.test_choir_registration_forgot_password.TestForgotPasswordFlow" name="test_08_reset_password_short_password_fails" time="0.115" /><testcase classname="tests.test_choir_registration_forgot_password.TestForgotPasswordFlow" name="test_09_reset_password_invalid_token_fails" time="0.037" /><testcase classname="tests.test_choir_registration_forgot_password.TestChoirRegistrationTypes" name="test_register_as_artist" time="0.077" /><testcase classname="tests.test_choir_registration_forgot_password.TestChoirRegistrationTypes" name="test_register_as_band" time="0.040" /></testsuite></testsuites>