<?xml version="1.0" encoding="utf-8"?><testsuites name="pytest tests"><testsuite name="pytest" errors="0" failures="0" skipped="0" tests="9" time="0.624" timestamp="2026-01-14T18:51:50.194493+00:00" hostname="agent-env-fe543a54-c038-40da-9a27-d5ea7ccc6dfe"><testcase classname="tests.test_choir_song_upload.TestChoirSongUpload" name="test_choir_login" time="0.059" /><testcase classname="tests.test_choir_song_upload.TestChoirSongUpload" name="test_song_upload_without_album" time="0.047" /><testcase classname="tests.test_choir_song_upload.TestChoirSongUpload" name="test_song_upload_with_audio_url" time="0.048" /><testcase classname="tests.test_choir_song_upload.TestChoirSongUpload" name="test_song_upload_with_album" time="0.134" /><testcase classname="tests.test_choir_song_upload.TestChoirSongUpload" name="test_song_upload_requires_title" time="0.043" /><testcase classname="tests.test_choir_song_upload.TestChoirSongUpload" name="test_file_upload_endpoint" time="0.068" /><testcase classname="tests.test_choir_song_upload.TestChoirSongUpload" name="test_content_requests_list" time="0.044" /><testcase classname="tests.test_choir_song_upload.TestChoirSongUpload" name="test_my_albums_list" time="0.045" /><testcase classname="tests.test_choir_song_upload.TestFileUploadIntegration" name="test_full_upload_flow" time="0.084" /></testsuite></testsuites>