<?xml version="1.0" encoding="utf-8"?><testsuites name="pytest tests"><testsuite name="pytest" errors="0" failures="0" skipped="0" tests="16" time="0.596" timestamp="2026-01-16T21:34:23.568773+00:00" hostname="agent-env-3fd10ed1-f942-4728-8709-095219d8b710"><testcase classname="tests.test_choir_registration_mobile.TestChoirRegistrationAPI" name="test_choir_register_success_choir_type" time="0.110" /><testcase classname="tests.test_choir_registration_mobile.TestChoirRegistrationAPI" name="test_choir_register_success_artist_type" time="0.049" /><testcase classname="tests.test_choir_registration_mobile.TestChoirRegistrationAPI" name="test_choir_register_success_band_type" time="0.045" /><testcase classname="tests.test_choir_registration_mobile.TestChoirRegistrationAPI" name="test_choir_register_without_phone" time="0.045" /><testcase classname="tests.test_choir_registration_mobile.TestChoirRegistrationAPI" name="test_choir_register_without_description" time="0.045" /><testcase classname="tests.test_choir_registration_mobile.TestChoirRegistrationAPI" name="test_choir_register_missing_name" time="0.043" /><testcase classname="tests.test_choir_registration_mobile.TestChoirRegistrationAPI" name="test_choir_register_missing_email" time="0.039" /><testcase classname="tests.test_choir_registration_mobile.TestChoirRegistrationAPI" name="test_choir_register_duplicate_email" time="0.084" /><testcase classname="tests.test_choir_registration_mobile.TestChoirRegistrationAPI" name="test_choir_register_default_type" time="0.038" /><testcase classname="tests.test_choir_registration_mobile.TestPWARepeatFeatureLogic" name="test_repeat_cycle_logic_documentation" time="0.000" /><testcase classname="tests.test_choir_registration_mobile.TestPWARepeatFeatureLogic" name="test_repeat_icon_logic_documentation" time="0.000" /><testcase classname="tests.test_choir_registration_mobile.TestPWARepeatFeatureLogic" name="test_repeat_color_logic_documentation" time="0.000" /><testcase classname="tests.test_choir_registration_mobile.TestMobileNowPlayingAuthChecks" name="test_like_auth_check_documentation" time="0.000" /><testcase classname="tests.test_choir_registration_mobile.TestMobileNowPlayingAuthChecks" name="test_download_auth_check_documentation" time="0.000" /><testcase classname="tests.test_choir_registration_mobile.TestMobileNowPlayingAuthChecks" name="test_add_to_playlist_auth_check_documentation" time="0.000" /><testcase classname="tests.test_choir_registration_mobile.TestMobileChoirRegistrationNavigation" name="test_login_screen_has_choir_registration_link" time="0.000" /></testsuite></testsuites>