<?xml version="1.0" encoding="utf-8"?><testsuites name="pytest tests"><testsuite name="pytest" errors="0" failures="0" skipped="0" tests="40" time="2.779" timestamp="2026-01-15T14:40:37.315468+00:00" hostname="agent-env-13dac8bd-f587-4136-8b2d-98809a07ce6a"><testcase classname="tests.test_church_follow_system.TestChurchCRUD" name="test_01_list_churches_empty_or_existing" time="0.071" /><testcase classname="tests.test_church_follow_system.TestChurchCRUD" name="test_02_list_churches_with_status_filter" time="0.036" /><testcase classname="tests.test_church_follow_system.TestChurchCRUD" name="test_03_create_church" time="0.035" /><testcase classname="tests.test_church_follow_system.TestChurchCRUD" name="test_04_get_church_by_id" time="0.035" /><testcase classname="tests.test_church_follow_system.TestChurchCRUD" name="test_05_get_church_not_found" time="0.040" /><testcase classname="tests.test_church_follow_system.TestChurchCRUD" name="test_06_update_church" time="0.075" /><testcase classname="tests.test_church_follow_system.TestChurchCRUD" name="test_07_update_church_not_found" time="0.036" /><testcase classname="tests.test_church_follow_system.TestChurchApproval" name="test_01_create_church_for_approval" time="0.065" /><testcase classname="tests.test_church_follow_system.TestChurchApproval" name="test_02_approve_church" time="0.069" /><testcase classname="tests.test_church_follow_system.TestChurchApproval" name="test_03_create_church_for_rejection" time="0.033" /><testcase classname="tests.test_church_follow_system.TestChurchApproval" name="test_04_reject_church" time="0.068" /><testcase classname="tests.test_church_follow_system.TestChurchApproval" name="test_05_approve_nonexistent_church" time="0.036" /><testcase classname="tests.test_church_follow_system.TestChurchAnnouncements" name="test_01_create_church_for_announcements" time="0.076" /><testcase classname="tests.test_church_follow_system.TestChurchAnnouncements" name="test_02_create_announcement" time="0.035" /><testcase classname="tests.test_church_follow_system.TestChurchAnnouncements" name="test_03_list_announcements" time="0.048" /><testcase classname="tests.test_church_follow_system.TestChurchAnnouncements" name="test_04_update_announcement" time="0.034" /><testcase classname="tests.test_church_follow_system.TestChurchAnnouncements" name="test_05_get_church_full_details" time="0.036" /><testcase classname="tests.test_church_follow_system.TestChurchAnnouncements" name="test_06_delete_announcement" time="0.037" /><testcase classname="tests.test_church_follow_system.TestChurchAnnouncements" name="test_07_create_announcement_for_nonexistent_church" time="0.039" /><testcase classname="tests.test_church_follow_system.TestUserFollowSystem" name="test_01_register_test_user" time="0.033" /><testcase classname="tests.test_church_follow_system.TestUserFollowSystem" name="test_02_create_church_to_follow" time="0.104" /><testcase classname="tests.test_church_follow_system.TestUserFollowSystem" name="test_03_create_singer_to_follow" time="0.031" /><testcase classname="tests.test_church_follow_system.TestUserFollowSystem" name="test_04_follow_church" time="0.033" /><testcase classname="tests.test_church_follow_system.TestUserFollowSystem" name="test_05_follow_choir" time="0.079" /><testcase classname="tests.test_church_follow_system.TestUserFollowSystem" name="test_06_follow_already_following" time="0.035" /><testcase classname="tests.test_church_follow_system.TestUserFollowSystem" name="test_07_check_is_following_church" time="0.034" /><testcase classname="tests.test_church_follow_system.TestUserFollowSystem" name="test_08_check_is_following_not_following" time="0.031" /><testcase classname="tests.test_church_follow_system.TestUserFollowSystem" name="test_09_get_user_following" time="0.036" /><testcase classname="tests.test_church_follow_system.TestUserFollowSystem" name="test_10_verify_followers_count_incremented" time="0.065" /><testcase classname="tests.test_church_follow_system.TestUserFollowSystem" name="test_11_unfollow_church" time="0.033" /><testcase classname="tests.test_church_follow_system.TestUserFollowSystem" name="test_12_verify_is_following_after_unfollow" time="0.032" /><testcase classname="tests.test_church_follow_system.TestUserFollowSystem" name="test_13_follow_without_auth" time="0.030" /><testcase classname="tests.test_church_follow_system.TestUserFollowSystem" name="test_14_following_without_auth" time="0.032" /><testcase classname="tests.test_church_follow_system.TestSingersWithFollowers" name="test_01_get_singers_list" time="0.037" /><testcase classname="tests.test_church_follow_system.TestSingersWithFollowers" name="test_02_get_singers_with_type_filter" time="0.034" /><testcase classname="tests.test_church_follow_system.TestLayoutSections" name="test_01_get_layout_sections" time="0.312" /><testcase classname="tests.test_church_follow_system.TestLayoutSections" name="test_02_create_choirs_section" time="0.108" /><testcase classname="tests.test_church_follow_system.TestLayoutSections" name="test_03_create_churches_section" time="0.141" /><testcase classname="tests.test_church_follow_system.TestChurchDelete" name="test_01_delete_church" time="0.104" /><testcase classname="tests.test_church_follow_system.TestChurchDelete" name="test_02_delete_nonexistent_church" time="0.366" /></testsuite></testsuites>