<?xml version="1.0" encoding="utf-8"?><testsuites name="pytest tests"><testsuite name="pytest" errors="0" failures="5" skipped="0" tests="40" time="4.281" timestamp="2026-01-15T14:40:05.387815+00:00" hostname="agent-env-13dac8bd-f587-4136-8b2d-98809a07ce6a"><testcase classname="tests.test_church_follow_system.TestChurchCRUD" name="test_01_list_churches_empty_or_existing" time="0.097" /><testcase classname="tests.test_church_follow_system.TestChurchCRUD" name="test_02_list_churches_with_status_filter" time="0.059" /><testcase classname="tests.test_church_follow_system.TestChurchCRUD" name="test_03_create_church" time="0.040" /><testcase classname="tests.test_church_follow_system.TestChurchCRUD" name="test_04_get_church_by_id" time="0.044" /><testcase classname="tests.test_church_follow_system.TestChurchCRUD" name="test_05_get_church_not_found" time="0.038" /><testcase classname="tests.test_church_follow_system.TestChurchCRUD" name="test_06_update_church" time="0.085" /><testcase classname="tests.test_church_follow_system.TestChurchCRUD" name="test_07_update_church_not_found" time="0.042" /><testcase classname="tests.test_church_follow_system.TestChurchApproval" name="test_01_create_church_for_approval" time="0.077" /><testcase classname="tests.test_church_follow_system.TestChurchApproval" name="test_02_approve_church" time="0.074" /><testcase classname="tests.test_church_follow_system.TestChurchApproval" name="test_03_create_church_for_rejection" time="0.077" /><testcase classname="tests.test_church_follow_system.TestChurchApproval" name="test_04_reject_church" time="0.110" /><testcase classname="tests.test_church_follow_system.TestChurchApproval" name="test_05_approve_nonexistent_church" time="0.041" /><testcase classname="tests.test_church_follow_system.TestChurchAnnouncements" name="test_01_create_church_for_announcements" time="0.074" /><testcase classname="tests.test_church_follow_system.TestChurchAnnouncements" name="test_02_create_announcement" time="0.035"><failure message="AssertionError: assert 'Announcement created' == 'Announcement... successfully'&#10;  &#10;  - Announcement created successfully&#10;  ?                     -------------&#10;  + Announcement created">tests/test_church_follow_system.py:281: in test_02_create_announcement
    assert data["message"] == "Announcement created successfully"
E   AssertionError: assert 'Announcement created' == 'Announcement... successfully'
E     
E     - Announcement created successfully
E     ?                     -------------
E     + Announcement created</failure></testcase><testcase classname="tests.test_church_follow_system.TestChurchAnnouncements" name="test_03_list_announcements" time="0.038"><failure message="AssertionError: assert None in ['ann_a089fbc0d275']&#10; +  where None = TestChurchAnnouncements.announcement_id">tests/test_church_follow_system.py:300: in test_03_list_announcements
    assert TestChurchAnnouncements.announcement_id in announcement_ids
E   AssertionError: assert None in ['ann_a089fbc0d275']
E    +  where None = TestChurchAnnouncements.announcement_id</failure></testcase><testcase classname="tests.test_church_follow_system.TestChurchAnnouncements" name="test_04_update_announcement" time="0.000"><failure message="assert None is not None&#10; +  where None = TestChurchAnnouncements.announcement_id">tests/test_church_follow_system.py:306: in test_04_update_announcement
    assert TestChurchAnnouncements.announcement_id is not None
E   assert None is not None
E    +  where None = TestChurchAnnouncements.announcement_id</failure></testcase><testcase classname="tests.test_church_follow_system.TestChurchAnnouncements" name="test_05_get_church_full_details" time="0.034" /><testcase classname="tests.test_church_follow_system.TestChurchAnnouncements" name="test_06_delete_announcement" time="0.000"><failure message="assert None is not None&#10; +  where None = TestChurchAnnouncements.announcement_id">tests/test_church_follow_system.py:339: in test_06_delete_announcement
    assert TestChurchAnnouncements.announcement_id is not None
E   assert None is not None
E    +  where None = TestChurchAnnouncements.announcement_id</failure></testcase><testcase classname="tests.test_church_follow_system.TestChurchAnnouncements" name="test_07_create_announcement_for_nonexistent_church" time="0.033" /><testcase classname="tests.test_church_follow_system.TestUserFollowSystem" name="test_01_register_test_user" time="0.055" /><testcase classname="tests.test_church_follow_system.TestUserFollowSystem" name="test_02_create_church_to_follow" time="0.072" /><testcase classname="tests.test_church_follow_system.TestUserFollowSystem" name="test_03_create_singer_to_follow" time="0.042" /><testcase classname="tests.test_church_follow_system.TestUserFollowSystem" name="test_04_follow_church" time="0.088" /><testcase classname="tests.test_church_follow_system.TestUserFollowSystem" name="test_05_follow_choir" time="0.045" /><testcase classname="tests.test_church_follow_system.TestUserFollowSystem" name="test_06_follow_already_following" time="0.042" /><testcase classname="tests.test_church_follow_system.TestUserFollowSystem" name="test_07_check_is_following_church" time="0.045" /><testcase classname="tests.test_church_follow_system.TestUserFollowSystem" name="test_08_check_is_following_not_following" time="0.041" /><testcase classname="tests.test_church_follow_system.TestUserFollowSystem" name="test_09_get_user_following" time="0.039" /><testcase classname="tests.test_church_follow_system.TestUserFollowSystem" name="test_10_verify_followers_count_incremented" time="0.140" /><testcase classname="tests.test_church_follow_system.TestUserFollowSystem" name="test_11_unfollow_church" time="0.050" /><testcase classname="tests.test_church_follow_system.TestUserFollowSystem" name="test_12_verify_is_following_after_unfollow" time="0.052" /><testcase classname="tests.test_church_follow_system.TestUserFollowSystem" name="test_13_follow_without_auth" time="0.035" /><testcase classname="tests.test_church_follow_system.TestUserFollowSystem" name="test_14_following_without_auth" time="0.037" /><testcase classname="tests.test_church_follow_system.TestSingersWithFollowers" name="test_01_get_singers_list" time="0.034"><failure message="AssertionError: assert 'followers_count' in {'bio': '', 'church_id': '', 'church_name': '', 'created_at': '2026-01-14T09:33:04.000079+00:00', ...}">tests/test_church_follow_system.py:637: in test_01_get_singers_list
    assert "followers_count" in singer
E   AssertionError: assert 'followers_count' in {'bio': '', 'church_id': '', 'church_name': '', 'created_at': '2026-01-14T09:33:04.000079+00:00', ...}</failure></testcase><testcase classname="tests.test_church_follow_system.TestSingersWithFollowers" name="test_02_get_singers_with_type_filter" time="0.040" /><testcase classname="tests.test_church_follow_system.TestLayoutSections" name="test_01_get_layout_sections" time="0.343" /><testcase classname="tests.test_church_follow_system.TestLayoutSections" name="test_02_create_choirs_section" time="0.163" /><testcase classname="tests.test_church_follow_system.TestLayoutSections" name="test_03_create_churches_section" time="0.126" /><testcase classname="tests.test_church_follow_system.TestChurchDelete" name="test_01_delete_church" time="1.127" /><testcase classname="tests.test_church_follow_system.TestChurchDelete" name="test_02_delete_nonexistent_church" time="0.347" /></testsuite></testsuites>