<?xml version="1.0" encoding="utf-8"?><testsuites name="pytest tests"><testsuite name="pytest" errors="0" failures="0" skipped="0" tests="28" time="1.757" timestamp="2026-01-15T15:14:17.730142+00:00" hostname="agent-env-13dac8bd-f587-4136-8b2d-98809a07ce6a"><testcase classname="tests.test_church_leader_content_edit.TestChurchLeaderRegistration" name="test_register_church_leader_missing_fields" time="0.097" /><testcase classname="tests.test_church_leader_content_edit.TestChurchLeaderRegistration" name="test_register_church_leader_invalid_church" time="0.041" /><testcase classname="tests.test_church_leader_content_edit.TestChurchLeaderRegistration" name="test_register_church_leader_success" time="0.073" /><testcase classname="tests.test_church_leader_content_edit.TestChurchLeaderRegistration" name="test_register_duplicate_email" time="0.039" /><testcase classname="tests.test_church_leader_content_edit.TestChurchLeaderAdminCreate" name="test_admin_create_church_leader_success" time="0.072" /><testcase classname="tests.test_church_leader_content_edit.TestChurchLeaderLogin" name="test_login_invalid_credentials" time="0.034" /><testcase classname="tests.test_church_leader_content_edit.TestChurchLeaderLogin" name="test_login_pending_account" time="0.034" /><testcase classname="tests.test_church_leader_content_edit.TestChurchLeaderLogin" name="test_login_approved_account" time="0.038" /><testcase classname="tests.test_church_leader_content_edit.TestChurchLeaderProfile" name="test_get_profile_unauthenticated" time="0.046" /><testcase classname="tests.test_church_leader_content_edit.TestChurchLeaderProfile" name="test_get_profile_authenticated" time="0.039" /><testcase classname="tests.test_church_leader_content_edit.TestChurchLeaderAnnouncements" name="test_get_announcements_unauthenticated" time="0.035" /><testcase classname="tests.test_church_leader_content_edit.TestChurchLeaderAnnouncements" name="test_create_announcement" time="0.041" /><testcase classname="tests.test_church_leader_content_edit.TestChurchLeaderAnnouncements" name="test_get_my_announcements" time="0.076" /><testcase classname="tests.test_church_leader_content_edit.TestChurchLeaderAccountApproval" name="test_get_all_accounts" time="0.043" /><testcase classname="tests.test_church_leader_content_edit.TestChurchLeaderAccountApproval" name="test_approve_account" time="0.042" /><testcase classname="tests.test_church_leader_content_edit.TestChurchLeaderAccountApproval" name="test_login_after_approval" time="0.037" /><testcase classname="tests.test_church_leader_content_edit.TestChurchLeaderAccountApproval" name="test_reject_account_not_found" time="0.034" /><testcase classname="tests.test_church_leader_content_edit.TestChoirContentEditRequests" name="test_album_edit_request_unauthenticated" time="0.072" /><testcase classname="tests.test_church_leader_content_edit.TestChoirContentEditRequests" name="test_album_edit_request_success" time="0.073" /><testcase classname="tests.test_church_leader_content_edit.TestChoirContentEditRequests" name="test_song_edit_request_unauthenticated" time="0.068" /><testcase classname="tests.test_church_leader_content_edit.TestChoirContentEditRequests" name="test_get_my_edit_requests_unauthenticated" time="0.075" /><testcase classname="tests.test_church_leader_content_edit.TestChoirContentEditRequests" name="test_get_my_edit_requests" time="0.119" /><testcase classname="tests.test_church_leader_content_edit.TestAdminContentEditRequests" name="test_get_all_edit_requests" time="0.091" /><testcase classname="tests.test_church_leader_content_edit.TestAdminContentEditRequests" name="test_get_edit_requests_by_status" time="0.087" /><testcase classname="tests.test_church_leader_content_edit.TestAdminContentEditRequests" name="test_approve_edit_request_not_found" time="0.032" /><testcase classname="tests.test_church_leader_content_edit.TestAdminContentEditRequests" name="test_reject_edit_request_not_found" time="0.077" /><testcase classname="tests.test_church_leader_content_edit.TestChurchLeaderLogout" name="test_logout" time="0.035" /><testcase classname="tests.test_church_leader_content_edit.TestCleanup" name="test_cleanup_test_data" time="0.068" /></testsuite></testsuites>