<?xml version="1.0" encoding="utf-8"?><testsuites name="pytest tests"><testsuite name="pytest" errors="0" failures="0" skipped="0" tests="9" time="25.281" timestamp="2026-03-21T09:49:42.885821+00:00" hostname="agent-env-291af596-5a52-40f7-97c0-334f9bc772a0"><testcase classname="backend.tests.test_continuous_playback.TestRecommendationsAPI" name="test_recommendations_endpoint_returns_songs" time="4.481" /><testcase classname="backend.tests.test_continuous_playback.TestRecommendationsAPI" name="test_recommendations_returns_different_albums" time="2.870" /><testcase classname="backend.tests.test_continuous_playback.TestRecommendationsAPI" name="test_recommendations_excludes_current_song" time="2.356" /><testcase classname="backend.tests.test_continuous_playback.TestRecommendationsAPI" name="test_recommendations_with_invalid_song_id" time="0.874" /><testcase classname="backend.tests.test_continuous_playback.TestRecommendationsAPI" name="test_recommendations_respects_limit" time="2.402" /><testcase classname="backend.tests.test_continuous_playback.TestRecommendationsAPI" name="test_recommendations_include_album_metadata" time="2.349" /><testcase classname="backend.tests.test_continuous_playback.TestRecommendationSettings" name="test_get_recommendation_settings" time="0.362" /><testcase classname="backend.tests.test_continuous_playback.TestSingleSongAlbumBehavior" name="test_single_song_album_gets_recommendations" time="2.885" /><testcase classname="backend.tests.test_continuous_playback.TestContinuousPlaybackFlow" name="test_continuous_playback_chain" time="6.627" /></testsuite></testsuites>