<?xml version="1.0" encoding="utf-8"?><testsuites name="pytest tests"><testsuite name="pytest" errors="0" failures="0" skipped="0" tests="19" time="3.391" timestamp="2026-01-16T20:56:09.980134+00:00" hostname="agent-env-3fd10ed1-f942-4728-8709-095219d8b710"><testcase classname="tests.test_content_upload_category_permissions.TestContentThumbnailUpload" name="test_upload_thumbnail_success" time="0.070" /><testcase classname="tests.test_content_upload_category_permissions.TestContentThumbnailUpload" name="test_upload_thumbnail_jpeg" time="0.045" /><testcase classname="tests.test_content_upload_category_permissions.TestContentThumbnailUpload" name="test_upload_thumbnail_non_image_rejected" time="0.044" /><testcase classname="tests.test_content_upload_category_permissions.TestContentThumbnailUpload" name="test_upload_thumbnail_size_limit" time="0.084" /><testcase classname="tests.test_content_upload_category_permissions.TestContentAudioUpload" name="test_upload_audio_success" time="0.708" /><testcase classname="tests.test_content_upload_category_permissions.TestContentAudioUpload" name="test_upload_audio_mp3_type" time="0.237" /><testcase classname="tests.test_content_upload_category_permissions.TestContentAudioUpload" name="test_upload_audio_non_audio_rejected" time="0.077" /><testcase classname="tests.test_content_upload_category_permissions.TestContentAudioUpload" name="test_upload_audio_returns_streaming_url_or_file_id" time="0.208" /><testcase classname="tests.test_content_upload_category_permissions.TestCategoryPermissionsGet" name="test_get_all_category_permissions" time="0.037" /><testcase classname="tests.test_content_upload_category_permissions.TestCategoryPermissionsGet" name="test_category_permissions_structure" time="0.038" /><testcase classname="tests.test_content_upload_category_permissions.TestCategoryPermissionsGet" name="test_category_permissions_includes_all_roles" time="0.042" /><testcase classname="tests.test_content_upload_category_permissions.TestCategoryPermissionsUpdate" name="test_update_category_permissions_success" time="0.040" /><testcase classname="tests.test_content_upload_category_permissions.TestCategoryPermissionsUpdate" name="test_update_marks_category_as_customized" time="0.151" /><testcase classname="tests.test_content_upload_category_permissions.TestCategoryPermissionsUpdate" name="test_update_invalid_role_returns_404" time="0.038" /><testcase classname="tests.test_content_upload_category_permissions.TestCategoryPermissionsUpdate" name="test_update_invalid_permission_returns_400" time="0.041" /><testcase classname="tests.test_content_upload_category_permissions.TestCategoryPermissionsReset" name="test_reset_permissions_success" time="0.082" /><testcase classname="tests.test_content_upload_category_permissions.TestCategoryPermissionsReset" name="test_reset_removes_customized_flag" time="0.190" /><testcase classname="tests.test_content_upload_category_permissions.TestCategoryPermissionsReset" name="test_reset_invalid_role_returns_404" time="0.079" /><testcase classname="tests.test_content_upload_category_permissions.TestPermissionValidation" name="test_all_system_permissions_are_valid" time="1.086" /></testsuite></testsuites>