<?xml version="1.0" encoding="utf-8"?><testsuites name="pytest tests"><testsuite name="pytest" errors="0" failures="0" skipped="0" tests="13" time="1.237" timestamp="2026-01-14T17:46:01.559545+00:00" hostname="agent-env-fe543a54-c038-40da-9a27-d5ea7ccc6dfe"><testcase classname="tests.test_file_upload.TestSingleFileUpload" name="test_upload_image_returns_data_url" time="0.080" /><testcase classname="tests.test_file_upload.TestSingleFileUpload" name="test_upload_audio_returns_streaming_url" time="0.039" /><testcase classname="tests.test_file_upload.TestSingleFileUpload" name="test_upload_mp3_returns_streaming_url" time="0.036" /><testcase classname="tests.test_file_upload.TestMultipleFileUpload" name="test_upload_multiple_audio_files" time="0.036" /><testcase classname="tests.test_file_upload.TestMultipleFileUpload" name="test_upload_mixed_files" time="0.038" /><testcase classname="tests.test_file_upload.TestFileStreaming" name="test_stream_full_file" time="0.079" /><testcase classname="tests.test_file_upload.TestFileStreaming" name="test_stream_with_range_header" time="0.081" /><testcase classname="tests.test_file_upload.TestFileStreaming" name="test_stream_middle_range" time="0.082" /><testcase classname="tests.test_file_upload.TestFileStreaming" name="test_stream_nonexistent_file" time="0.033" /><testcase classname="tests.test_file_upload.TestFileMetadata" name="test_get_file_metadata" time="0.084" /><testcase classname="tests.test_file_upload.TestFileMetadata" name="test_get_nonexistent_file_metadata" time="0.079" /><testcase classname="tests.test_file_upload.TestIntegrationWithAlbums" name="test_upload_thumbnail_and_create_album" time="0.196" /><testcase classname="tests.test_file_upload.TestIntegrationWithAlbums" name="test_upload_audio_and_create_song" time="0.231" /></testsuite></testsuites>