<?xml version="1.0" encoding="utf-8"?><testsuites name="pytest tests"><testsuite name="pytest" errors="0" failures="0" skipped="0" tests="17" time="38.981" timestamp="2026-05-19T13:35:20.887484+00:00" hostname="agent-env-3a9da551-99ba-4ee3-96b1-3dacc50b0b5a"><testcase classname="tests.test_visitor_devices_billing" name="test_listening_start_samsung_anonymous" time="3.629" /><testcase classname="tests.test_visitor_devices_billing" name="test_listening_start_iphone_user_pushes_device" time="2.292" /><testcase classname="tests.test_visitor_devices_billing" name="test_listening_start_same_device_dedupes" time="1.440" /><testcase classname="tests.test_visitor_devices_billing" name="test_realtime_visitor_and_devices" time="2.237" /><testcase classname="tests.test_visitor_devices_billing" name="test_overview_visitor_totals" time="1.931" /><testcase classname="tests.test_visitor_devices_billing" name="test_devices_endpoint_periods[7d]" time="0.518" /><testcase classname="tests.test_visitor_devices_billing" name="test_devices_endpoint_periods[30d]" time="0.397" /><testcase classname="tests.test_visitor_devices_billing" name="test_devices_endpoint_periods[90d]" time="0.371" /><testcase classname="tests.test_visitor_devices_billing" name="test_devices_endpoint_periods[all]" time="0.405" /><testcase classname="tests.test_visitor_devices_billing" name="test_choir_revenue_billing_off" time="3.745" /><testcase classname="tests.test_visitor_devices_billing" name="test_choir_revenue_billing_on" time="3.845" /><testcase classname="tests.test_visitor_devices_billing" name="test_admin_choirs_billing_flag" time="11.897" /><testcase classname="tests.test_visitor_devices_billing" name="test_admin_user_returns_devices" time="2.448" /><testcase classname="tests.test_visitor_devices_billing" name="test_devices_endpoint_public" time="0.157" /><testcase classname="tests.test_visitor_devices_billing" name="test_ua_parser_infinix" time="1.176" /><testcase classname="tests.test_visitor_devices_billing" name="test_ua_parser_tecno" time="1.154" /><testcase classname="tests.test_visitor_devices_billing" name="test_ua_parser_empty" time="1.142" /></testsuite></testsuites>