<?xml version="1.0" encoding="utf-8"?><testsuites name="pytest tests"><testsuite name="pytest" errors="0" failures="0" skipped="0" tests="13" time="38.359" timestamp="2026-05-19T10:47:10.254986+00:00" hostname="agent-env-3a9da551-99ba-4ee3-96b1-3dacc50b0b5a"><testcase classname="backend.tests.test_play_analytics_iter48.TestChoirAnalytics" name="test_admin_choir_details_returns_analytics" time="10.651" /><testcase classname="backend.tests.test_play_analytics_iter48.TestChoirAnalytics" name="test_admin_choir_albums_sorted_desc_with_fields" time="3.557" /><testcase classname="backend.tests.test_play_analytics_iter48.TestChoirAnalytics" name="test_admin_choir_top_songs_shape" time="3.553" /><testcase classname="backend.tests.test_play_analytics_iter48.TestChoirAnalytics" name="test_admin_choir_monthly_six" time="3.568" /><testcase classname="backend.tests.test_play_analytics_iter48.TestChoirAnalytics" name="test_choir_self_revenue_endpoint" time="3.048" /><testcase classname="backend.tests.test_play_analytics_iter48.TestLeaderAnalytics" name="test_admin_leader_details_includes_analytics" time="3.299" /><testcase classname="backend.tests.test_play_analytics_iter48.TestLeaderAnalytics" name="test_admin_leader_standalone_analytics" time="2.558" /><testcase classname="backend.tests.test_play_analytics_iter48.TestLeaderAnalytics" name="test_leader_self_analytics" time="4.049" /><testcase classname="backend.tests.test_play_analytics_iter48.TestContentPerformance" name="test_content_performance_periods[7d]" time="0.811" /><testcase classname="backend.tests.test_play_analytics_iter48.TestContentPerformance" name="test_content_performance_periods[30d]" time="0.800" /><testcase classname="backend.tests.test_play_analytics_iter48.TestContentPerformance" name="test_content_performance_periods[90d]" time="0.799" /><testcase classname="backend.tests.test_play_analytics_iter48.TestContentPerformance" name="test_content_performance_periods[all]" time="0.796" /><testcase classname="backend.tests.test_play_analytics_iter48.TestContentPerformance" name="test_content_performance_uses_listening_sessions" time="0.799" /></testsuite></testsuites>