<?xml version="1.0" encoding="utf-8"?><testsuites name="pytest tests"><testsuite name="pytest" errors="0" failures="0" skipped="0" tests="12" time="2.163" timestamp="2026-08-09T14:57:57.025036+00:00" hostname="agent-env-3a9da551-99ba-4ee3-96b1-3dacc50b0b5a"><testcase classname="backend.tests.test_monetization_usage_iter57.TestAnonymous" name="test_usage_no_auth_returns_defaults" time="0.169" /><testcase classname="backend.tests.test_monetization_usage_iter57.TestAnonymous" name="test_record_skip_no_auth_returns_defaults" time="0.046" /><testcase classname="backend.tests.test_monetization_usage_iter57.TestAnonymous" name="test_reset_no_auth_returns_401" time="0.047" /><testcase classname="backend.tests.test_monetization_usage_iter57.TestThresholdSource" name="test_threshold_from_app_settings" time="0.227" /><testcase classname="backend.tests.test_monetization_usage_iter57.TestAuthenticatedIncrement" name="test_bootstrap_usage_zero" time="0.134" /><testcase classname="backend.tests.test_monetization_usage_iter57.TestAuthenticatedIncrement" name="test_record_skip_9_times_atomic_increment" time="0.479" /><testcase classname="backend.tests.test_monetization_usage_iter57.TestAuthenticatedIncrement" name="test_post_threshold_no_reprompt" time="0.046" /><testcase classname="backend.tests.test_monetization_usage_iter57.TestAuthenticatedIncrement" name="test_cross_device_state_persists" time="0.140" /><testcase classname="backend.tests.test_monetization_usage_iter57.TestAuthenticatedIncrement" name="test_reset_rejected_for_non_premium" time="0.046" /><testcase classname="backend.tests.test_monetization_usage_iter57.TestPremiumBypassAndReset" name="test_promote_to_premium_bypasses_paywall" time="0.282" /><testcase classname="backend.tests.test_monetization_usage_iter57.TestPremiumBypassAndReset" name="test_record_skip_premium_bypasses" time="0.049" /><testcase classname="backend.tests.test_monetization_usage_iter57.TestPremiumBypassAndReset" name="test_reset_clears_counters_preserves_lifetime" time="0.053" /></testsuite></testsuites>