<?xml version="1.0" encoding="utf-8"?><testsuites name="pytest tests"><testsuite name="pytest" errors="0" failures="1" skipped="0" tests="9" time="14.509" timestamp="2026-05-21T10:04:07.796642+00:00" hostname="agent-env-3a9da551-99ba-4ee3-96b1-3dacc50b0b5a"><testcase classname="tests.test_campaign_filters_iter50" name="test_country_tanzania_email_returns_26plus" time="7.125" /><testcase classname="tests.test_campaign_filters_iter50" name="test_country_lowercase_tanzania_same_result" time="0.604" /><testcase classname="tests.test_campaign_filters_iter50" name="test_region_dar_es_salaam_case_insensitive" time="0.307" /><testcase classname="tests.test_campaign_filters_iter50" name="test_premium_country_region_anded_not_orclobber" time="0.603" /><testcase classname="tests.test_campaign_filters_iter50" name="test_listened_any_semantics_default" time="0.550" /><testcase classname="tests.test_campaign_filters_iter50" name="test_listened_match_mode_all_intersection" time="1.048" /><testcase classname="tests.test_campaign_filters_iter50" name="test_not_listened_excludes_listener" time="0.868" /><testcase classname="tests.test_campaign_filters_iter50" name="test_realtime_exposes_guests_and_devices" time="3.010" /><testcase classname="tests.test_campaign_filters_iter50" name="test_preview_users_requires_admin_auth" time="0.316"><failure message="AssertionError: preview-users is publicly accessible (got 200); admin auth gating is MISSING.&#10;assert 200 in (401, 403)&#10; +  where 200 = &lt;Response [200]&gt;.status_code">tests/test_campaign_filters_iter50.py:179: in test_preview_users_requires_admin_auth
    assert r.status_code in (401, 403), (
E   AssertionError: preview-users is publicly accessible (got 200); admin auth gating is MISSING.
E   assert 200 in (401, 403)
E    +  where 200 = &lt;Response [200]&gt;.status_code</failure></testcase></testsuite></testsuites>