<?xml version="1.0" encoding="utf-8"?><testsuites name="pytest tests"><testsuite name="pytest" errors="0" failures="0" skipped="0" tests="11" time="21.932" timestamp="2026-05-19T07:57:44.486546+00:00" hostname="agent-env-3a9da551-99ba-4ee3-96b1-3dacc50b0b5a"><testcase classname="backend.tests.test_analytics_listening_perf.TestListeningTracking" name="test_start_creates_session_and_active_stream" time="1.812" /><testcase classname="backend.tests.test_analytics_listening_perf.TestListeningTracking" name="test_start_persists_cloudflare_geo_to_app_user" time="0.833" /><testcase classname="backend.tests.test_analytics_listening_perf.TestListeningTracking" name="test_ping_updates_heartbeat" time="0.308" /><testcase classname="backend.tests.test_analytics_listening_perf.TestListeningTracking" name="test_ping_no_session_returns_ok_false" time="0.047" /><testcase classname="backend.tests.test_analytics_listening_perf.TestListeningTracking" name="test_end_closes_session_and_stream_no_play_count" time="0.569" /><testcase classname="backend.tests.test_analytics_listening_perf.TestListeningTracking" name="test_end_with_45_plus_seconds_counts_as_play" time="4.127" /><testcase classname="backend.tests.test_analytics_listening_perf.TestListeningTracking" name="test_ping_sendbeacon_text_plain" time="1.213" /><testcase classname="backend.tests.test_analytics_listening_perf.TestListeningTracking" name="test_end_json_still_works" time="1.401" /><testcase classname="backend.tests.test_analytics_listening_perf.TestListeningTracking" name="test_end_invalidates_analytics_caches" time="5.229" /><testcase classname="backend.tests.test_analytics_listening_perf.TestListeningTracking" name="test_overview_cold_under_4s_after_invalidation" time="4.927" /><testcase classname="backend.tests.test_analytics_listening_perf.TestListeningTracking" name="test_end_sendbeacon_text_plain" time="1.415" /></testsuite></testsuites>