<?xml version="1.0" encoding="utf-8"?><testsuites name="pytest tests"><testsuite name="pytest" errors="0" failures="0" skipped="0" tests="12" time="22.262" timestamp="2026-05-19T09:39:48.841974+00:00" hostname="agent-env-3a9da551-99ba-4ee3-96b1-3dacc50b0b5a"><testcase classname="backend.tests.test_admin_rbac_portals.TestSuperAdminAuth" name="test_super_admin_login_returns_permissions" time="6.900" /><testcase classname="backend.tests.test_admin_rbac_portals.TestSuperAdminAuth" name="test_auth_me_returns_permissions_for_admin" time="0.571" /><testcase classname="backend.tests.test_admin_rbac_portals.TestRbacPermissionsCatalog" name="test_rbac_permissions_categorised" time="0.061" /><testcase classname="backend.tests.test_admin_rbac_portals.TestAdminUsersCRUD" name="test_super_admin_can_list_admin_users" time="1.093" /><testcase classname="backend.tests.test_admin_rbac_portals.TestAdminUsersCRUD" name="test_content_mgr_forbidden_from_user_management" time="1.257" /><testcase classname="backend.tests.test_admin_rbac_portals.TestAdminUsersCRUD" name="test_create_update_delete_admin" time="6.745" /><testcase classname="backend.tests.test_admin_rbac_portals.TestAdminUsersCRUD" name="test_cannot_delete_self" time="0.571" /><testcase classname="backend.tests.test_admin_rbac_portals.TestLeaderNenoLaLeo" name="test_leader_login_returns_profile" time="0.913" /><testcase classname="backend.tests.test_admin_rbac_portals.TestLeaderNenoLaLeo" name="test_create_neno_la_leo" time="1.158" /><testcase classname="backend.tests.test_admin_rbac_portals.TestChoirPortal" name="test_choir_login_returns_profile" time="0.637" /><testcase classname="backend.tests.test_admin_rbac_portals.TestChoirPortal" name="test_choir_revenue_nested_shape" time="1.393" /><testcase classname="backend.tests.test_admin_rbac_portals.TestChoirPortal" name="test_choir_my_albums" time="0.888" /></testsuite></testsuites>