<?xml version="1.0" encoding="utf-8"?><testsuites name="pytest tests"><testsuite name="pytest" errors="0" failures="0" skipped="0" tests="4" time="7.827" timestamp="2026-04-19T05:31:51.792805+00:00" hostname="agent-env-91637c50-3427-44e4-92bc-23eab5273fc1"><testcase classname="backend.tests.test_ads_and_tts.TestAdvertising" name="test_next_ad_returns_ads_disabled_by_default" time="6.324" /><testcase classname="backend.tests.test_ads_and_tts.TestAdvertising" name="test_next_ad_different_platforms" time="0.708" /><testcase classname="backend.tests.test_ads_and_tts.TestAdvertising" name="test_advertising_settings" time="0.363" /><testcase classname="backend.tests.test_ads_and_tts.TestBibleTTSVoices" name="test_tts_voices_returns_six" time="0.374" /></testsuite></testsuites>