<?xml version="1.0" encoding="utf-8"?><testsuites name="pytest tests"><testsuite name="pytest" errors="0" failures="0" skipped="0" tests="9" time="1.039" timestamp="2026-08-09T11:04:26.431631+00:00" hostname="agent-env-3a9da551-99ba-4ee3-96b1-3dacc50b0b5a"><testcase classname="backend.tests.test_free_listen_iter58.TestStartSessionFreeListenFlag" name="test_anonymous_is_free" time="0.176" /><testcase classname="backend.tests.test_free_listen_iter58.TestStartSessionFreeListenFlag" name="test_non_premium_user_is_free" time="0.070" /><testcase classname="backend.tests.test_free_listen_iter58.TestStartSessionFreeListenFlag" name="test_premium_user_is_paid" time="0.051" /><testcase classname="backend.tests.test_free_listen_iter58.TestStartSessionFreeListenFlag" name="test_billing_globally_off_forces_free" time="0.056" /><testcase classname="backend.tests.test_free_listen_iter58.TestAdminPlayStatsRevenueFilter" name="test_paid_free_split_and_revenue_excludes_free" time="0.162" /><testcase classname="backend.tests.test_free_listen_iter58.TestChoirRevenueEndpoints" name="test_choir_revenue_summary_has_free_and_all_plays" time="0.058" /><testcase classname="backend.tests.test_free_listen_iter58.TestChoirRevenueEndpoints" name="test_admin_choir_revenue_detail_paid_free_split" time="0.052" /><testcase classname="backend.tests.test_free_listen_iter58.TestApproachingPaywall" name="test_approaching_paywall_returns_top_users" time="0.099" /><testcase classname="backend.tests.test_free_listen_iter58.TestEnhancedAnalyticsExcludesFree" name="test_streams_by_day_excludes_free_from_revenue" time="0.116" /></testsuite></testsuites>