<?xml version="1.0" encoding="utf-8"?><testsuites name="pytest tests"><testsuite name="pytest" errors="0" failures="0" skipped="0" tests="29" time="2.062" timestamp="2026-01-14T14:55:04.789668+00:00" hostname="agent-env-fe543a54-c038-40da-9a27-d5ea7ccc6dfe"><testcase classname="tests.test_layout_management.TestLayoutSections" name="test_get_all_sections" time="0.067" /><testcase classname="tests.test_layout_management.TestLayoutSections" name="test_get_sections_by_platform" time="0.045" /><testcase classname="tests.test_layout_management.TestLayoutSections" name="test_get_active_sections_only" time="0.037" /><testcase classname="tests.test_layout_management.TestLayoutSections" name="test_create_section" time="0.035" /><testcase classname="tests.test_layout_management.TestLayoutSections" name="test_get_single_section" time="0.076" /><testcase classname="tests.test_layout_management.TestLayoutSections" name="test_update_section" time="0.079" /><testcase classname="tests.test_layout_management.TestLayoutSections" name="test_toggle_section_inactive" time="0.071" /><testcase classname="tests.test_layout_management.TestLayoutSections" name="test_toggle_section_active" time="0.038" /><testcase classname="tests.test_layout_management.TestLayoutSections" name="test_assign_content_to_section" time="0.190" /><testcase classname="tests.test_layout_management.TestLayoutSections" name="test_reorder_sections" time="0.123" /><testcase classname="tests.test_layout_management.TestLayoutSections" name="test_section_not_found" time="0.034" /><testcase classname="tests.test_layout_management.TestLayoutSections" name="test_delete_section" time="0.109" /><testcase classname="tests.test_layout_management.TestLayoutBurners" name="test_get_all_burners" time="0.032" /><testcase classname="tests.test_layout_management.TestLayoutBurners" name="test_get_burners_by_platform" time="0.035" /><testcase classname="tests.test_layout_management.TestLayoutBurners" name="test_create_burner" time="0.042" /><testcase classname="tests.test_layout_management.TestLayoutBurners" name="test_get_single_burner" time="0.034" /><testcase classname="tests.test_layout_management.TestLayoutBurners" name="test_update_burner" time="0.081" /><testcase classname="tests.test_layout_management.TestLayoutBurners" name="test_toggle_burner_inactive" time="0.075" /><testcase classname="tests.test_layout_management.TestLayoutBurners" name="test_toggle_burner_active" time="0.037" /><testcase classname="tests.test_layout_management.TestLayoutBurners" name="test_burner_not_found" time="0.039" /><testcase classname="tests.test_layout_management.TestLayoutBurners" name="test_delete_burner" time="0.107" /><testcase classname="tests.test_layout_management.TestLayoutConfig" name="test_get_layout_config_app" time="0.039" /><testcase classname="tests.test_layout_management.TestLayoutConfig" name="test_get_layout_config_web" time="0.036" /><testcase classname="tests.test_layout_management.TestLayoutConfig" name="test_get_layout_config_invalid_platform" time="0.031" /><testcase classname="tests.test_layout_management.TestLayoutAnalytics" name="test_track_section_click" time="0.144" /><testcase classname="tests.test_layout_management.TestLayoutAnalytics" name="test_track_burner_click" time="0.105" /><testcase classname="tests.test_layout_management.TestLayoutAnalytics" name="test_track_burner_impression" time="0.103" /><testcase classname="tests.test_layout_management.TestCleanup" name="test_cleanup_test_sections" time="0.032" /><testcase classname="tests.test_layout_management.TestCleanup" name="test_cleanup_test_burners" time="0.037" /></testsuite></testsuites>