<?xml version="1.0" encoding="utf-8"?><testsuites name="pytest tests"><testsuite name="pytest" errors="0" failures="0" skipped="0" tests="14" time="0.691" timestamp="2026-01-31T21:19:00.080748+00:00" hostname="agent-env-3fef002c-affe-4adf-9b2d-640533a80d2f"><testcase classname="backend.tests.test_leaders_home.TestLeadersAPI" name="test_get_leaders" time="0.060" /><testcase classname="backend.tests.test_leaders_home.TestLeadersAPI" name="test_create_leader" time="0.043" /><testcase classname="backend.tests.test_leaders_home.TestLeadersAPI" name="test_create_leader_no_thumbnail_required" time="0.075" /><testcase classname="backend.tests.test_leaders_home.TestLeadersAPI" name="test_get_single_leader" time="0.038" /><testcase classname="backend.tests.test_leaders_home.TestLeadersAPI" name="test_update_leader" time="0.036" /><testcase classname="backend.tests.test_leaders_home.TestLeadersAPI" name="test_update_leader_verify_persistence" time="0.038" /><testcase classname="backend.tests.test_leaders_home.TestLeadersAPI" name="test_delete_leader" time="0.033" /><testcase classname="backend.tests.test_leaders_home.TestLeadersAPI" name="test_delete_leader_verify_removed" time="0.077" /><testcase classname="backend.tests.test_leaders_home.TestHomePageData" name="test_user_home_endpoint" time="0.039" /><testcase classname="backend.tests.test_leaders_home.TestHomePageData" name="test_home_sections_have_items" time="0.037" /><testcase classname="backend.tests.test_leaders_home.TestHomePageData" name="test_hero_section_exists" time="0.037" /><testcase classname="backend.tests.test_leaders_home.TestAlbumsWithSongs" name="test_albums_all_songs" time="0.033" /><testcase classname="backend.tests.test_leaders_home.TestBrowseCategories" name="test_browse_categories" time="0.035" /><testcase classname="backend.tests.test_leaders_home.TestChurchesAPI" name="test_get_churches" time="0.057" /></testsuite></testsuites>