<?xml version="1.0" encoding="utf-8"?><testsuites name="pytest tests"><testsuite name="pytest" errors="0" failures="0" skipped="0" tests="14" time="2.277" timestamp="2026-02-26T23:06:23.956664+00:00" hostname="agent-env-8379a206-cded-483f-a450-be339075c8b7"><testcase classname="backend.tests.test_legal_branding_lent.TestLegalPages" name="test_get_terms_of_service_english" time="0.271" /><testcase classname="backend.tests.test_legal_branding_lent.TestLegalPages" name="test_get_terms_of_service_swahili" time="0.118" /><testcase classname="backend.tests.test_legal_branding_lent.TestLegalPages" name="test_get_privacy_policy_english" time="0.185" /><testcase classname="backend.tests.test_legal_branding_lent.TestLegalPages" name="test_get_privacy_policy_swahili" time="0.141" /><testcase classname="backend.tests.test_legal_branding_lent.TestLegalPages" name="test_get_contact_page_english" time="0.129" /><testcase classname="backend.tests.test_legal_branding_lent.TestLegalPages" name="test_get_contact_page_swahili" time="0.134" /><testcase classname="backend.tests.test_legal_branding_lent.TestLegalPages" name="test_invalid_legal_page_returns_404" time="0.166" /><testcase classname="backend.tests.test_legal_branding_lent.TestBrandingSettings" name="test_get_branding_settings" time="0.190" /><testcase classname="backend.tests.test_legal_branding_lent.TestLentCategoryFix" name="test_lent_section_exists" time="0.126" /><testcase classname="backend.tests.test_legal_branding_lent.TestLentCategoryFix" name="test_lent_section_has_lent_tagged_albums" time="0.139" /><testcase classname="backend.tests.test_legal_branding_lent.TestLentCategoryFix" name="test_nasikia_yesu_waniita_not_in_lent_section" time="0.114" /><testcase classname="backend.tests.test_legal_branding_lent.TestLentCategoryFix" name="test_nasikia_yesu_waniita_in_praise_worship_section" time="0.120" /><testcase classname="backend.tests.test_legal_branding_lent.TestLentCategoryFix" name="test_lent_section_uses_correct_category_id" time="0.117" /><testcase classname="backend.tests.test_legal_branding_lent.TestAdminLegalPages" name="test_get_all_legal_pages_admin" time="0.200" /></testsuite></testsuites>