<?xml version="1.0" encoding="utf-8"?><testsuites name="pytest tests"><testsuite name="pytest" errors="0" failures="0" skipped="0" tests="18" time="1.801" timestamp="2026-01-27T08:15:57.939806+00:00" hostname="agent-env-60f18c66-3ed0-4d52-a310-34f7c3304211"><testcase classname="tests.test_mafundisho_content_api.TestMafundishoAPI" name="test_get_mafundisho_list" time="0.056" /><testcase classname="tests.test_mafundisho_content_api.TestMafundishoAPI" name="test_get_mafundisho_detail_existing" time="0.071" /><testcase classname="tests.test_mafundisho_content_api.TestMafundishoAPI" name="test_get_mafundisho_detail_not_found" time="0.033" /><testcase classname="tests.test_mafundisho_content_api.TestMafundishoAPI" name="test_get_mafundisho_detail_test_container" time="0.078" /><testcase classname="tests.test_mafundisho_content_api.TestContentContainersAPI" name="test_get_content_containers" time="0.042" /><testcase classname="tests.test_mafundisho_content_api.TestContentContainersAPI" name="test_create_content_container" time="0.071" /><testcase classname="tests.test_mafundisho_content_api.TestContentContainersAPI" name="test_update_content_container" time="0.036" /><testcase classname="tests.test_mafundisho_content_api.TestContentSeriesAPI" name="test_get_content_series" time="0.038" /><testcase classname="tests.test_mafundisho_content_api.TestContentSeriesAPI" name="test_create_content_series_with_thumbnail" time="0.067" /><testcase classname="tests.test_mafundisho_content_api.TestContentEpisodesAPI" name="test_get_content_episodes" time="0.035" /><testcase classname="tests.test_mafundisho_content_api.TestContentEpisodesAPI" name="test_create_content_episode_with_audio" time="0.074" /><testcase classname="tests.test_mafundisho_content_api.TestFileUploadAPI" name="test_upload_thumbnail_image" time="0.438" /><testcase classname="tests.test_mafundisho_content_api.TestFileUploadAPI" name="test_upload_thumbnail_invalid_type" time="0.036" /><testcase classname="tests.test_mafundisho_content_api.TestFileUploadAPI" name="test_upload_audio_file" time="0.420" /><testcase classname="tests.test_mafundisho_content_api.TestFileUploadAPI" name="test_upload_audio_invalid_type" time="0.034" /><testcase classname="tests.test_mafundisho_content_api.TestMobileAPIStructure" name="test_mafundisho_card_fields" time="0.040" /><testcase classname="tests.test_mafundisho_content_api.TestMobileAPIStructure" name="test_mafundisho_detail_series_structure" time="0.072" /><testcase classname="tests.test_mafundisho_content_api.TestCleanup" name="test_cleanup_test_data" time="0.075" /></testsuite></testsuites>