<?xml version="1.0" encoding="utf-8"?><testsuites name="pytest tests"><testsuite name="pytest" errors="0" failures="1" skipped="0" tests="18" time="1.933" timestamp="2026-01-27T08:15:32.694772+00:00" hostname="agent-env-60f18c66-3ed0-4d52-a310-34f7c3304211"><testcase classname="tests.test_mafundisho_content_api.TestMafundishoAPI" name="test_get_mafundisho_list" time="0.073" /><testcase classname="tests.test_mafundisho_content_api.TestMafundishoAPI" name="test_get_mafundisho_detail_existing" time="0.078" /><testcase classname="tests.test_mafundisho_content_api.TestMafundishoAPI" name="test_get_mafundisho_detail_not_found" time="0.037" /><testcase classname="tests.test_mafundisho_content_api.TestMafundishoAPI" name="test_get_mafundisho_detail_test_container" time="0.038" /><testcase classname="tests.test_mafundisho_content_api.TestContentContainersAPI" name="test_get_content_containers" time="0.077" /><testcase classname="tests.test_mafundisho_content_api.TestContentContainersAPI" name="test_create_content_container" time="0.081"><failure message="AssertionError: Title should match&#10;assert None == 'TEST_MAFUNDISHO_Parenting in Modern Days 2c86f357'&#10; +  where None = &lt;built-in method get of dict object at 0xf98a0a898740&gt;('title')&#10; +    where &lt;built-in method get of dict object at 0xf98a0a898740&gt; = {'container': {'banner_url': None, 'category_id': None, 'category_name': None, 'container_id': 'container_b7ba6effcd37', ...}, 'series': []}.get">tests/test_mafundisho_content_api.py:141: in test_create_content_container
    assert container.get("title") == payload["title"], "Title should match"
E   AssertionError: Title should match
E   assert None == 'TEST_MAFUNDISHO_Parenting in Modern Days 2c86f357'
E    +  where None = &lt;built-in method get of dict object at 0xf98a0a898740&gt;('title')
E    +    where &lt;built-in method get of dict object at 0xf98a0a898740&gt; = {'container': {'banner_url': None, 'category_id': None, 'category_name': None, 'container_id': 'container_b7ba6effcd37', ...}, 'series': []}.get</failure></testcase><testcase classname="tests.test_mafundisho_content_api.TestContentContainersAPI" name="test_update_content_container" time="0.033" /><testcase classname="tests.test_mafundisho_content_api.TestContentSeriesAPI" name="test_get_content_series" time="0.034" /><testcase classname="tests.test_mafundisho_content_api.TestContentSeriesAPI" name="test_create_content_series_with_thumbnail" time="0.081" /><testcase classname="tests.test_mafundisho_content_api.TestContentEpisodesAPI" name="test_get_content_episodes" time="0.073" /><testcase classname="tests.test_mafundisho_content_api.TestContentEpisodesAPI" name="test_create_content_episode_with_audio" time="0.074" /><testcase classname="tests.test_mafundisho_content_api.TestFileUploadAPI" name="test_upload_thumbnail_image" time="0.463" /><testcase classname="tests.test_mafundisho_content_api.TestFileUploadAPI" name="test_upload_thumbnail_invalid_type" time="0.038" /><testcase classname="tests.test_mafundisho_content_api.TestFileUploadAPI" name="test_upload_audio_file" time="0.430" /><testcase classname="tests.test_mafundisho_content_api.TestFileUploadAPI" name="test_upload_audio_invalid_type" time="0.035" /><testcase classname="tests.test_mafundisho_content_api.TestMobileAPIStructure" name="test_mafundisho_card_fields" time="0.042" /><testcase classname="tests.test_mafundisho_content_api.TestMobileAPIStructure" name="test_mafundisho_detail_series_structure" time="0.074" /><testcase classname="tests.test_mafundisho_content_api.TestCleanup" name="test_cleanup_test_data" time="0.070" /></testsuite></testsuites>