<?xml version="1.0" encoding="utf-8"?><testsuites name="pytest tests"><testsuite name="pytest" errors="0" failures="0" skipped="0" tests="5" time="1.926" timestamp="2026-07-23T14:24:58.146740+00:00" hostname="agent-env-3a9da551-99ba-4ee3-96b1-3dacc50b0b5a"><testcase classname="backend.tests.test_mobile_home_smoke" name="test_home_app_has_sections_and_hero" time="1.027" /><testcase classname="backend.tests.test_mobile_home_smoke" name="test_song_categories_with_counts" time="0.111" /><testcase classname="backend.tests.test_mobile_home_smoke" name="test_layout_home_filters" time="0.224" /><testcase classname="backend.tests.test_mobile_home_smoke" name="test_recommendations_next_songs" time="0.406" /><testcase classname="backend.tests.test_mobile_home_smoke" name="test_album_detail_with_songs" time="0.103" /></testsuite></testsuites>