<?xml version="1.0" encoding="utf-8"?><testsuites name="pytest tests"><testsuite name="pytest" errors="0" failures="0" skipped="0" tests="26" time="33.566" timestamp="2026-02-10T13:14:17.415106+00:00" hostname="agent-env-c37a2ee9-9c4d-487c-bee4-14d5f4a896c6"><testcase classname="backend.tests.test_mobile_bug_fixes.TestHealthCheck" name="test_health_endpoint" time="0.094" /><testcase classname="backend.tests.test_mobile_bug_fixes.TestBase64Upload" name="test_upload_base64_with_file_data_key" time="0.503" /><testcase classname="backend.tests.test_mobile_bug_fixes.TestBase64Upload" name="test_upload_base64_with_file_key" time="0.450" /><testcase classname="backend.tests.test_mobile_bug_fixes.TestBase64Upload" name="test_upload_base64_with_data_key" time="0.486" /><testcase classname="backend.tests.test_mobile_bug_fixes.TestBase64Upload" name="test_upload_base64_with_image_key" time="0.479" /><testcase classname="backend.tests.test_mobile_bug_fixes.TestBase64Upload" name="test_upload_base64_with_data_url_prefix" time="0.427" /><testcase classname="backend.tests.test_mobile_bug_fixes.TestBase64Upload" name="test_upload_base64_no_data_returns_error" time="0.037" /><testcase classname="backend.tests.test_mobile_bug_fixes.TestMultipartUpload" name="test_multipart_upload_image" time="0.450" /><testcase classname="backend.tests.test_mobile_bug_fixes.TestMultipartUpload" name="test_multipart_upload_returns_cdn_or_local_url" time="0.423" /><testcase classname="backend.tests.test_mobile_bug_fixes.TestHeroContent" name="test_hero_content_endpoint_exists" time="4.243" /><testcase classname="backend.tests.test_mobile_bug_fixes.TestHeroContent" name="test_hero_content_items_have_thumbnail" time="4.252" /><testcase classname="backend.tests.test_mobile_bug_fixes.TestHeroContent" name="test_hero_content_items_have_link_metadata" time="4.203" /><testcase classname="backend.tests.test_mobile_bug_fixes.TestHeroContent" name="test_hero_content_config_fields" time="4.240" /><testcase classname="backend.tests.test_mobile_bug_fixes.TestHeroBanners" name="test_hero_banners_endpoint_exists" time="2.107" /><testcase classname="backend.tests.test_mobile_bug_fixes.TestHeroBanners" name="test_hero_banners_structure" time="2.153" /><testcase classname="backend.tests.test_mobile_bug_fixes.TestSupportChatStart" name="test_support_chat_start_endpoint_exists" time="0.040" /><testcase classname="backend.tests.test_mobile_bug_fixes.TestSupportChatStart" name="test_support_chat_start_creates_conversation" time="0.068" /><testcase classname="backend.tests.test_mobile_bug_fixes.TestSupportChatMessage" name="test_support_chat_message_endpoint_exists" time="2.911" /><testcase classname="backend.tests.test_mobile_bug_fixes.TestSupportChatMessage" name="test_support_chat_message_returns_ai_response" time="1.408" /><testcase classname="backend.tests.test_mobile_bug_fixes.TestSupportChatMessage" name="test_support_chat_message_with_swahili" time="2.190" /><testcase classname="backend.tests.test_mobile_bug_fixes.TestSupportChatMessage" name="test_support_chat_message_validation" time="0.052" /><testcase classname="backend.tests.test_mobile_bug_fixes.TestSupportChatGet" name="test_support_chat_get_endpoint_exists" time="0.034" /><testcase classname="backend.tests.test_mobile_bug_fixes.TestSupportChatGet" name="test_support_chat_get_returns_welcome_message" time="0.036" /><testcase classname="backend.tests.test_mobile_bug_fixes.TestCDNStatus" name="test_cdn_status_endpoint" time="0.036" /><testcase classname="backend.tests.test_mobile_bug_fixes.TestIntegration" name="test_full_chat_flow" time="1.650" /><testcase classname="backend.tests.test_mobile_bug_fixes.TestIntegration" name="test_upload_and_verify" time="0.459" /></testsuite></testsuites>