<?xml version="1.0" encoding="utf-8"?><testsuites name="pytest tests"><testsuite name="pytest" errors="0" failures="0" skipped="0" tests="5" time="3.690" timestamp="2026-08-07T19:33:38.100342+00:00" hostname="agent-env-3a9da551-99ba-4ee3-96b1-3dacc50b0b5a"><testcase classname="backend.tests.test_monetization_settings.TestMonetizationSave" name="test_save_monetization_reflects_in_public" time="0.402" /><testcase classname="backend.tests.test_monetization_settings.TestMonetizationSave" name="test_cache_invalidation_on_second_save" time="0.227" /><testcase classname="backend.tests.test_monetization_settings.TestGuestLimitsSave" name="test_save_guest_limits_reflects_in_public" time="0.094" /><testcase classname="backend.tests.test_monetization_settings.TestBillingGating" name="test_billing_enabled_true_reflects" time="1.472" /><testcase classname="backend.tests.test_monetization_settings.TestBillingGating" name="test_billing_enabled_false_still_exposes_monetization" time="1.433" /></testsuite></testsuites>