<?xml version="1.0" encoding="utf-8"?><testsuites name="pytest tests"><testsuite name="pytest" errors="0" failures="0" skipped="0" tests="20" time="21.474" timestamp="2026-03-24T19:36:09.415811+00:00" hostname="agent-env-91637c50-3427-44e4-92bc-23eab5273fc1"><testcase classname="backend.tests.test_neno_la_leo.TestNenoLaLeoAdminEndpoints" name="test_get_all_leaders" time="0.559" /><testcase classname="backend.tests.test_neno_la_leo.TestNenoLaLeoAdminEndpoints" name="test_get_pending_leaders" time="0.402" /><testcase classname="backend.tests.test_neno_la_leo.TestNenoLaLeoAdminEndpoints" name="test_get_all_neno" time="0.678" /><testcase classname="backend.tests.test_neno_la_leo.TestNenoLaLeoAdminEndpoints" name="test_get_neno_with_status_filter" time="0.637" /><testcase classname="backend.tests.test_neno_la_leo.TestNenoLaLeoAdminEndpoints" name="test_create_leader" time="0.647" /><testcase classname="backend.tests.test_neno_la_leo.TestNenoLaLeoAdminEndpoints" name="test_create_leader_duplicate_email" time="0.378" /><testcase classname="backend.tests.test_neno_la_leo.TestNenoLaLeoLeaderPortal" name="test_leader_login_success" time="0.648" /><testcase classname="backend.tests.test_neno_la_leo.TestNenoLaLeoLeaderPortal" name="test_leader_login_invalid_credentials" time="0.391" /><testcase classname="backend.tests.test_neno_la_leo.TestNenoLaLeoLeaderPortal" name="test_leader_login_nonexistent_email" time="0.369" /><testcase classname="backend.tests.test_neno_la_leo.TestNenoLaLeoLeaderPortal" name="test_leader_get_profile" time="1.297" /><testcase classname="backend.tests.test_neno_la_leo.TestNenoLaLeoLeaderPortal" name="test_leader_get_profile_unauthorized" time="0.254" /><testcase classname="backend.tests.test_neno_la_leo.TestNenoLaLeoLeaderPortal" name="test_leader_get_my_neno" time="1.809" /><testcase classname="backend.tests.test_neno_la_leo.TestNenoLaLeoLeaderPortal" name="test_leader_get_analytics" time="1.547" /><testcase classname="backend.tests.test_neno_la_leo.TestNenoLaLeoUserEndpoints" name="test_get_active_neno" time="1.186" /><testcase classname="backend.tests.test_neno_la_leo.TestNenoLaLeoUserEndpoints" name="test_track_play_count" time="3.082" /><testcase classname="backend.tests.test_neno_la_leo.TestNenoLaLeoUserEndpoints" name="test_track_play_count_path_version" time="2.100" /><testcase classname="backend.tests.test_neno_la_leo.TestNenoLaLeoUserEndpoints" name="test_get_single_neno" time="1.863" /><testcase classname="backend.tests.test_neno_la_leo.TestNenoLaLeoUserEndpoints" name="test_get_nonexistent_neno" time="0.365" /><testcase classname="backend.tests.test_neno_la_leo.TestNenoLaLeoContentCreation" name="test_admin_create_neno_entry" time="1.350" /><testcase classname="backend.tests.test_neno_la_leo.TestNenoLaLeoContentCreation" name="test_leader_create_neno_entry" time="1.817" /></testsuite></testsuites>