<?xml version="1.0" encoding="utf-8"?><testsuites name="pytest tests"><testsuite name="pytest" errors="0" failures="0" skipped="0" tests="30" time="30.037" timestamp="2026-05-12T12:22:30.725992+00:00" hostname="agent-env-3a9da551-99ba-4ee3-96b1-3dacc50b0b5a"><testcase classname="backend.tests.test_neno_la_leo.TestAdminLeaders" name="test_get_all_leaders" time="1.622" /><testcase classname="backend.tests.test_neno_la_leo.TestAdminLeaders" name="test_get_pending_leaders" time="0.313" /><testcase classname="backend.tests.test_neno_la_leo.TestAdminLeaders" name="test_create_leader_returns_temp_password" time="0.710" /><testcase classname="backend.tests.test_neno_la_leo.TestAdminLeaders" name="test_create_leader_duplicate_email_fails" time="0.892" /><testcase classname="backend.tests.test_neno_la_leo.TestAdminLeaders" name="test_update_leader" time="0.622" /><testcase classname="backend.tests.test_neno_la_leo.TestAdminLeaders" name="test_update_leader_not_found" time="0.307" /><testcase classname="backend.tests.test_neno_la_leo.TestAdminLeaders" name="test_approve_leader" time="0.561" /><testcase classname="backend.tests.test_neno_la_leo.TestAdminLeaders" name="test_approve_leader_not_found" time="0.328" /><testcase classname="backend.tests.test_neno_la_leo.TestAdminNeno" name="test_create_neno_range_verses" time="0.832" /><testcase classname="backend.tests.test_neno_la_leo.TestAdminNeno" name="test_create_neno_single_verse_format" time="0.841" /><testcase classname="backend.tests.test_neno_la_leo.TestAdminNeno" name="test_create_neno_scheduled_future_is_inactive" time="0.834" /><testcase classname="backend.tests.test_neno_la_leo.TestAdminNeno" name="test_create_neno_invalid_leader" time="0.306" /><testcase classname="backend.tests.test_neno_la_leo.TestAdminNeno" name="test_list_all_neno" time="2.112" /><testcase classname="backend.tests.test_neno_la_leo.TestAdminNeno" name="test_list_neno_status_active" time="1.862" /><testcase classname="backend.tests.test_neno_la_leo.TestAdminNeno" name="test_list_neno_status_inactive" time="0.564" /><testcase classname="backend.tests.test_neno_la_leo.TestAdminNeno" name="test_update_neno_recomputes_verse_reference" time="2.693" /><testcase classname="backend.tests.test_neno_la_leo.TestAdminNeno" name="test_update_neno_single_verse_format_after_update" time="2.692" /><testcase classname="backend.tests.test_neno_la_leo.TestAdminNeno" name="test_update_neno_not_found" time="0.553" /><testcase classname="backend.tests.test_neno_la_leo.TestUserEndpoints" name="test_active_endpoint" time="1.558" /><testcase classname="backend.tests.test_neno_la_leo.TestUserEndpoints" name="test_active_endpoint_excludes_expired" time="1.565" /><testcase classname="backend.tests.test_neno_la_leo.TestUserEndpoints" name="test_get_single_neno_active" time="0.555" /><testcase classname="backend.tests.test_neno_la_leo.TestUserEndpoints" name="test_get_single_neno_not_found" time="0.317" /><testcase classname="backend.tests.test_neno_la_leo.TestUserEndpoints" name="test_play_increments_reading" time="1.915" /><testcase classname="backend.tests.test_neno_la_leo.TestUserEndpoints" name="test_play_increments_reflection" time="1.912" /><testcase classname="backend.tests.test_neno_la_leo.TestUserEndpoints" name="test_play_updates_leader_stats" time="0.299" /><testcase classname="backend.tests.test_neno_la_leo.TestUserEndpoints" name="test_play_not_found" time="0.320" /><testcase classname="backend.tests.test_neno_la_leo.TestDelete" name="test_delete_neno_decrements_leader_stats" time="1.435" /><testcase classname="backend.tests.test_neno_la_leo.TestDelete" name="test_delete_neno_not_found" time="0.305" /><testcase classname="backend.tests.test_neno_la_leo.TestDelete" name="test_cleanup_single_verse_neno" time="0.808" /><testcase classname="backend.tests.test_neno_la_leo.TestDelete" name="test_cleanup_test_leader" time="0.303" /></testsuite></testsuites>