<?xml version="1.0" encoding="utf-8"?><testsuites name="pytest tests"><testsuite name="pytest" errors="0" failures="0" skipped="0" tests="18" time="1.852" timestamp="2026-01-16T16:03:48.970350+00:00" hostname="agent-env-83b94b65-63d2-402e-8ed5-3829d8aa4af7"><testcase classname="tests.test_new_features.TestPhoneOTPLogin" name="test_send_otp_success" time="0.098" /><testcase classname="tests.test_new_features.TestPhoneOTPLogin" name="test_send_otp_missing_phone" time="0.042" /><testcase classname="tests.test_new_features.TestPhoneOTPLogin" name="test_verify_otp_success" time="0.083" /><testcase classname="tests.test_new_features.TestPhoneOTPLogin" name="test_verify_otp_invalid" time="0.091" /><testcase classname="tests.test_new_features.TestPhoneOTPLogin" name="test_verify_otp_missing_fields" time="0.037" /><testcase classname="tests.test_new_features.TestAdminSettings" name="test_get_admin_settings" time="0.043" /><testcase classname="tests.test_new_features.TestAdminSettings" name="test_update_device_limits" time="0.163" /><testcase classname="tests.test_new_features.TestAdminSettings" name="test_update_billing_toggle" time="0.150" /><testcase classname="tests.test_new_features.TestAdminSettings" name="test_update_login_methods" time="0.176" /><testcase classname="tests.test_new_features.TestAdminSettings" name="test_update_playback_rules" time="0.149" /><testcase classname="tests.test_new_features.TestHeroBanners" name="test_create_hero_banner" time="0.102" /><testcase classname="tests.test_new_features.TestHeroBanners" name="test_get_hero_banners" time="0.037" /><testcase classname="tests.test_new_features.TestHeroBanners" name="test_get_active_hero_banners" time="0.036" /><testcase classname="tests.test_new_features.TestHeroBanners" name="test_update_hero_banner" time="0.107" /><testcase classname="tests.test_new_features.TestHeroBanners" name="test_delete_hero_banner" time="0.116" /><testcase classname="tests.test_new_features.TestHeroBanners" name="test_delete_nonexistent_banner" time="0.046" /><testcase classname="tests.test_new_features.TestHeroBanners" name="test_banner_with_external_url" time="0.071" /><testcase classname="tests.test_new_features.TestPhoneOTPWithDisabledSetting" name="test_send_otp_when_disabled" time="0.114" /></testsuite></testsuites>