<?xml version="1.0" encoding="utf-8"?><testsuites name="pytest tests"><testsuite name="pytest" errors="0" failures="0" skipped="0" tests="45" time="3.592" timestamp="2026-01-14T13:38:12.564311+00:00" hostname="agent-env-90afa214-811d-457b-afcb-ee41af6e58de"><testcase classname="tests.test_choir_system.TestChoirAuthentication" name="test_choir_login_success" time="0.053" /><testcase classname="tests.test_choir_system.TestChoirAuthentication" name="test_choir_login_invalid_credentials" time="0.038" /><testcase classname="tests.test_choir_system.TestChoirAuthentication" name="test_choir_profile_with_token" time="0.069" /><testcase classname="tests.test_choir_system.TestChoirAuthentication" name="test_choir_profile_without_token" time="0.096" /><testcase classname="tests.test_choir_system.TestChoirRevenue" name="test_get_choir_revenue" time="0.084" /><testcase classname="tests.test_choir_system.TestChoirRevenue" name="test_revenue_45_second_rule" time="0.083" /><testcase classname="tests.test_choir_system.TestPaymentDetails" name="test_get_payment_details" time="0.079" /><testcase classname="tests.test_choir_system.TestPaymentDetails" name="test_request_otp_for_mobile_money" time="0.080" /><testcase classname="tests.test_choir_system.TestPaymentDetails" name="test_verify_otp" time="0.103" /><testcase classname="tests.test_choir_system.TestPaymentDetails" name="test_verify_otp_invalid_code" time="0.140" /><testcase classname="tests.test_choir_system.TestPaymentDetails" name="test_submit_bank_payment_details" time="0.072" /><testcase classname="tests.test_choir_system.TestContentUpload" name="test_create_album_request" time="0.073" /><testcase classname="tests.test_choir_system.TestContentUpload" name="test_get_my_content_requests" time="0.078" /><testcase classname="tests.test_choir_system.TestContentUpload" name="test_get_my_albums" time="0.071" /><testcase classname="tests.test_choir_system.TestWithdrawals" name="test_get_my_withdrawal_requests" time="0.069" /><testcase classname="tests.test_choir_system.TestWithdrawals" name="test_withdrawal_request_insufficient_balance" time="0.189" /><testcase classname="tests.test_choir_system.TestWithdrawals" name="test_withdrawal_request_below_minimum" time="0.066" /><testcase classname="tests.test_choir_system.TestAdminApprovals" name="test_get_content_requests" time="0.033" /><testcase classname="tests.test_choir_system.TestAdminApprovals" name="test_get_payment_requests" time="0.073" /><testcase classname="tests.test_choir_system.TestAdminApprovals" name="test_get_admin_notifications" time="0.031" /><testcase classname="tests.test_choir_system.TestAdminApprovals" name="test_get_withdrawal_requests" time="0.033" /><testcase classname="tests.test_choir_system.TestCategories" name="test_get_categories" time="0.031" /><testcase classname="tests.test_phase1_phase2.TestAdminChoirManagement" name="test_get_all_choirs" time="0.078" /><testcase classname="tests.test_phase1_phase2.TestAdminChoirManagement" name="test_get_choir_details" time="0.037" /><testcase classname="tests.test_phase1_phase2.TestAdminChoirManagement" name="test_create_choir_with_enhanced_fields" time="0.067" /><testcase classname="tests.test_phase1_phase2.TestAdminChoirManagement" name="test_update_choir" time="0.106" /><testcase classname="tests.test_phase1_phase2.TestAdminChoirManagement" name="test_choir_status_change" time="0.147" /><testcase classname="tests.test_phase1_phase2.TestAdminChoirManagement" name="test_choir_approval_status" time="0.158" /><testcase classname="tests.test_phase1_phase2.TestMonetizationSettings" name="test_get_monetization_settings" time="0.035" /><testcase classname="tests.test_phase1_phase2.TestMonetizationSettings" name="test_update_monetization_settings" time="0.138" /><testcase classname="tests.test_phase1_phase2.TestMonetizationSettings" name="test_rate_change_history" time="0.054" /><testcase classname="tests.test_phase1_phase2.TestSubscriptionPlans" name="test_get_subscription_plans" time="0.033" /><testcase classname="tests.test_phase1_phase2.TestSubscriptionPlans" name="test_create_subscription_plan" time="0.030" /><testcase classname="tests.test_phase1_phase2.TestSubscriptionPlans" name="test_update_subscription_plan" time="0.138" /><testcase classname="tests.test_phase1_phase2.TestSubscriptionPlans" name="test_delete_subscription_plan" time="0.065" /><testcase classname="tests.test_phase1_phase2.TestSMSNotifications" name="test_get_sms_logs" time="0.034" /><testcase classname="tests.test_phase1_phase2.TestSMSNotifications" name="test_sms_logs_filter_by_type" time="0.039" /><testcase classname="tests.test_phase1_phase2.TestSMSNotifications" name="test_sms_logs_filter_by_choir" time="0.035" /><testcase classname="tests.test_phase1_phase2.TestAlbumSongManagement" name="test_get_albums" time="0.083" /><testcase classname="tests.test_phase1_phase2.TestAlbumSongManagement" name="test_album_status_change" time="0.150" /><testcase classname="tests.test_phase1_phase2.TestAlbumSongManagement" name="test_bulk_album_status" time="0.105" /><testcase classname="tests.test_phase1_phase2.TestAlbumSongManagement" name="test_song_status_change" time="0.094" /><testcase classname="tests.test_phase1_phase2.TestChoirRevenueAnalytics" name="test_choir_revenue_with_45_second_rule" time="0.169" /><testcase classname="tests.test_phase1_phase2.TestChoirRevenueAnalytics" name="test_revenue_settings_45_second_rule" time="0.036" /><testcase classname="tests.test_phase1_phase2.TestWithdrawalSMSNotifications" name="test_choir_has_contact_details" time="0.044" /></testsuite></testsuites>