<?xml version="1.0" encoding="utf-8"?><testsuites name="pytest tests"><testsuite name="pytest" errors="0" failures="0" skipped="0" tests="22" time="1.792" timestamp="2026-01-14T12:34:10.523116+00:00" hostname="agent-env-90afa214-811d-457b-afcb-ee41af6e58de"><testcase classname="tests.test_choir_system.TestChoirAuthentication" name="test_choir_login_success" time="0.065" /><testcase classname="tests.test_choir_system.TestChoirAuthentication" name="test_choir_login_invalid_credentials" time="0.035" /><testcase classname="tests.test_choir_system.TestChoirAuthentication" name="test_choir_profile_with_token" time="0.080" /><testcase classname="tests.test_choir_system.TestChoirAuthentication" name="test_choir_profile_without_token" time="0.071" /><testcase classname="tests.test_choir_system.TestChoirRevenue" name="test_get_choir_revenue" time="0.087" /><testcase classname="tests.test_choir_system.TestChoirRevenue" name="test_revenue_45_second_rule" time="0.088" /><testcase classname="tests.test_choir_system.TestPaymentDetails" name="test_get_payment_details" time="0.085" /><testcase classname="tests.test_choir_system.TestPaymentDetails" name="test_request_otp_for_mobile_money" time="0.093" /><testcase classname="tests.test_choir_system.TestPaymentDetails" name="test_verify_otp" time="0.127" /><testcase classname="tests.test_choir_system.TestPaymentDetails" name="test_verify_otp_invalid_code" time="0.109" /><testcase classname="tests.test_choir_system.TestPaymentDetails" name="test_submit_bank_payment_details" time="0.093" /><testcase classname="tests.test_choir_system.TestContentUpload" name="test_create_album_request" time="0.122" /><testcase classname="tests.test_choir_system.TestContentUpload" name="test_get_my_content_requests" time="0.073" /><testcase classname="tests.test_choir_system.TestContentUpload" name="test_get_my_albums" time="0.108" /><testcase classname="tests.test_choir_system.TestWithdrawals" name="test_get_my_withdrawal_requests" time="0.072" /><testcase classname="tests.test_choir_system.TestWithdrawals" name="test_withdrawal_request_insufficient_balance" time="0.111" /><testcase classname="tests.test_choir_system.TestWithdrawals" name="test_withdrawal_request_below_minimum" time="0.074" /><testcase classname="tests.test_choir_system.TestAdminApprovals" name="test_get_content_requests" time="0.035" /><testcase classname="tests.test_choir_system.TestAdminApprovals" name="test_get_payment_requests" time="0.032" /><testcase classname="tests.test_choir_system.TestAdminApprovals" name="test_get_admin_notifications" time="0.034" /><testcase classname="tests.test_choir_system.TestAdminApprovals" name="test_get_withdrawal_requests" time="0.037" /><testcase classname="tests.test_choir_system.TestCategories" name="test_get_categories" time="0.031" /></testsuite></testsuites>