<?xml version="1.0" encoding="utf-8"?><testsuites name="pytest tests"><testsuite name="pytest" errors="0" failures="0" skipped="0" tests="27" time="1.712" timestamp="2026-01-31T01:12:55.637072+00:00" hostname="agent-env-fb684c62-eb62-4c62-bbb6-3d5dff65002b"><testcase classname="backend.tests.test_refactored_api.TestAPIRoot" name="test_api_root_returns_200" time="0.084" /><testcase classname="backend.tests.test_refactored_api.TestAPIRoot" name="test_api_root_contains_endpoints_info" time="0.036" /><testcase classname="backend.tests.test_refactored_api.TestHealthCheck" name="test_health_check_returns_200" time="0.042" /><testcase classname="backend.tests.test_refactored_api.TestHealthCheck" name="test_health_check_status_is_healthy" time="0.048" /><testcase classname="backend.tests.test_refactored_api.TestHealthCheck" name="test_health_check_contains_cache_info" time="0.046" /><testcase classname="backend.tests.test_refactored_api.TestAnalyticsOverview" name="test_analytics_overview_returns_200" time="0.056" /><testcase classname="backend.tests.test_refactored_api.TestAnalyticsOverview" name="test_analytics_overview_contains_expected_fields" time="0.038" /><testcase classname="backend.tests.test_refactored_api.TestChoirsEndpoint" name="test_choirs_returns_200" time="0.042" /><testcase classname="backend.tests.test_refactored_api.TestChoirsEndpoint" name="test_choirs_pagination" time="0.040" /><testcase classname="backend.tests.test_refactored_api.TestChurchesEndpoint" name="test_churches_returns_200" time="0.040" /><testcase classname="backend.tests.test_refactored_api.TestChurchesEndpoint" name="test_churches_pagination" time="0.046" /><testcase classname="backend.tests.test_refactored_api.TestSongCategoriesEndpoint" name="test_song_categories_returns_200" time="0.080" /><testcase classname="backend.tests.test_refactored_api.TestSongCategoriesEndpoint" name="test_song_categories_structure" time="0.039" /><testcase classname="backend.tests.test_refactored_api.TestAlbumsEndpoint" name="test_albums_returns_200" time="0.079" /><testcase classname="backend.tests.test_refactored_api.TestAlbumsEndpoint" name="test_albums_pagination" time="0.050" /><testcase classname="backend.tests.test_refactored_api.TestAlbumsEndpoint" name="test_albums_structure" time="0.043" /><testcase classname="backend.tests.test_refactored_api.TestSearchEndpoint" name="test_search_returns_200" time="0.180" /><testcase classname="backend.tests.test_refactored_api.TestSearchEndpoint" name="test_search_returns_expected_categories" time="0.177" /><testcase classname="backend.tests.test_refactored_api.TestSearchEndpoint" name="test_search_requires_query" time="0.038" /><testcase classname="backend.tests.test_refactored_api.TestSubscriptionPlansEndpoint" name="test_subscription_plans_returns_200" time="0.063" /><testcase classname="backend.tests.test_refactored_api.TestSubscriptionPlansEndpoint" name="test_subscription_plans_structure" time="0.035" /><testcase classname="backend.tests.test_refactored_api.TestLayoutSectionsEndpoint" name="test_layout_sections_returns_200" time="0.056" /><testcase classname="backend.tests.test_refactored_api.TestLayoutSectionsEndpoint" name="test_layout_sections_platform_filter" time="0.038" /><testcase classname="backend.tests.test_refactored_api.TestAdditionalEndpoints" name="test_categories_endpoint" time="0.045" /><testcase classname="backend.tests.test_refactored_api.TestAdditionalEndpoints" name="test_singers_endpoint" time="0.081" /><testcase classname="backend.tests.test_refactored_api.TestAdditionalEndpoints" name="test_monetization_settings_endpoint" time="0.046" /><testcase classname="backend.tests.test_refactored_api.TestAdditionalEndpoints" name="test_billing_status_endpoint" time="0.038" /></testsuite></testsuites>