<?xml version="1.0" encoding="utf-8"?><testsuites name="pytest tests"><testsuite name="pytest" errors="0" failures="0" skipped="0" tests="21" time="1.271" timestamp="2026-02-01T05:57:21.343744+00:00" hostname="agent-env-3ed25eca-453f-43b3-a577-0a83bcdbe302"><testcase classname="backend.tests.test_teachings_comprehensive.TestUserHomeAPI" name="test_user_home_returns_200" time="0.121" /><testcase classname="backend.tests.test_teachings_comprehensive.TestUserHomeAPI" name="test_user_home_has_sections" time="0.038" /><testcase classname="backend.tests.test_teachings_comprehensive.TestUserHomeAPI" name="test_user_home_teachings_section_exists" time="0.036" /><testcase classname="backend.tests.test_teachings_comprehensive.TestUserHomeAPI" name="test_user_home_teaching_item_structure" time="0.037" /><testcase classname="backend.tests.test_teachings_comprehensive.TestTeachingDetailAPI" name="test_teaching_detail_returns_200" time="0.124" /><testcase classname="backend.tests.test_teachings_comprehensive.TestTeachingDetailAPI" name="test_teaching_detail_has_topics" time="0.077" /><testcase classname="backend.tests.test_teachings_comprehensive.TestTeachingDetailAPI" name="test_teaching_detail_has_counts" time="0.081" /><testcase classname="backend.tests.test_teachings_comprehensive.TestTeachingDetailAPI" name="test_teaching_detail_has_category_name" time="0.073" /><testcase classname="backend.tests.test_teachings_comprehensive.TestTeachingDetailAPI" name="test_teaching_topics_have_lessons" time="0.076" /><testcase classname="backend.tests.test_teachings_comprehensive.TestLayoutSectionsAPI" name="test_layout_sections_returns_200" time="0.040" /><testcase classname="backend.tests.test_teachings_comprehensive.TestLayoutSectionsAPI" name="test_layout_sections_has_sort_order" time="0.046" /><testcase classname="backend.tests.test_teachings_comprehensive.TestMobileContentAPIs" name="test_albums_api" time="0.051" /><testcase classname="backend.tests.test_teachings_comprehensive.TestMobileContentAPIs" name="test_songs_api" time="0.040" /><testcase classname="backend.tests.test_teachings_comprehensive.TestMobileContentAPIs" name="test_categories_api" time="0.078" /><testcase classname="backend.tests.test_teachings_comprehensive.TestMobileContentAPIs" name="test_special_mixes_api" time="0.037" /><testcase classname="backend.tests.test_teachings_comprehensive.TestMobileContentAPIs" name="test_churches_api" time="0.036" /><testcase classname="backend.tests.test_teachings_comprehensive.TestMobileContentAPIs" name="test_leaders_api" time="0.038" /><testcase classname="backend.tests.test_teachings_comprehensive.TestTeachingsListAPI" name="test_teachings_list_returns_200" time="0.040" /><testcase classname="backend.tests.test_teachings_comprehensive.TestTeachingsListAPI" name="test_teachings_list_structure" time="0.034" /><testcase classname="backend.tests.test_teachings_comprehensive.TestTeachingsListAPI" name="test_teachings_with_category_filter" time="0.038" /><testcase classname="backend.tests.test_teachings_comprehensive.TestTeaching404" name="test_invalid_teaching_id" time="0.038" /></testsuite></testsuites>