<?xml version="1.0" encoding="utf-8"?><testsuites name="pytest tests"><testsuite name="pytest" errors="0" failures="0" skipped="0" tests="27" time="2.573" timestamp="2026-01-31T22:17:55.910507+00:00" hostname="agent-env-3ed25eca-453f-43b3-a577-0a83bcdbe302"><testcase classname="backend.tests.test_teachings_api.TestTeachingsStaticEndpoints" name="test_get_stats" time="0.070" /><testcase classname="backend.tests.test_teachings_api.TestTeachingsStaticEndpoints" name="test_get_categories" time="0.014" /><testcase classname="backend.tests.test_teachings_api.TestTeachingsStaticEndpoints" name="test_get_monetization_types" time="0.015" /><testcase classname="backend.tests.test_teachings_api.TestTeachingsStaticEndpoints" name="test_get_leaders" time="0.010" /><testcase classname="backend.tests.test_teachings_api.TestTeachingsCRUD" name="test_create_teaching" time="0.048" /><testcase classname="backend.tests.test_teachings_api.TestTeachingsCRUD" name="test_get_teachings_list" time="0.064" /><testcase classname="backend.tests.test_teachings_api.TestTeachingsCRUD" name="test_create_and_get_teaching_by_id" time="0.082" /><testcase classname="backend.tests.test_teachings_api.TestTeachingsCRUD" name="test_update_teaching" time="0.137" /><testcase classname="backend.tests.test_teachings_api.TestTeachingsCRUD" name="test_delete_teaching" time="0.164" /><testcase classname="backend.tests.test_teachings_api.TestTeachingsCRUD" name="test_get_nonexistent_teaching" time="0.061" /><testcase classname="backend.tests.test_teachings_api.TestTopicsCRUD" name="test_create_topic_under_teaching" time="0.127" /><testcase classname="backend.tests.test_teachings_api.TestTopicsCRUD" name="test_get_topics_for_teaching" time="0.135" /><testcase classname="backend.tests.test_teachings_api.TestTopicsCRUD" name="test_update_topic" time="0.145" /><testcase classname="backend.tests.test_teachings_api.TestTopicsCRUD" name="test_delete_topic" time="0.088" /><testcase classname="backend.tests.test_teachings_api.TestLessonsCRUD" name="test_create_lesson_under_topic" time="0.150" /><testcase classname="backend.tests.test_teachings_api.TestLessonsCRUD" name="test_get_lessons_for_topic" time="0.110" /><testcase classname="backend.tests.test_teachings_api.TestLessonsCRUD" name="test_update_lesson" time="0.141" /><testcase classname="backend.tests.test_teachings_api.TestLessonsCRUD" name="test_delete_lesson" time="0.100" /><testcase classname="backend.tests.test_teachings_api.TestCascadingDeletes" name="test_delete_teaching_cascades_to_topics_and_lessons" time="0.175" /><testcase classname="backend.tests.test_teachings_api.TestCascadingDeletes" name="test_delete_topic_cascades_to_lessons" time="0.160" /><testcase classname="backend.tests.test_teachings_api.TestBulkLessonCreation" name="test_create_lessons_bulk" time="0.087" /><testcase classname="backend.tests.test_teachings_api.TestTeachingsFilters" name="test_filter_teachings_by_category" time="0.099" /><testcase classname="backend.tests.test_teachings_api.TestTeachingsFilters" name="test_filter_teachings_by_status" time="0.101" /><testcase classname="backend.tests.test_teachings_api.TestEdgeCases" name="test_create_topic_nonexistent_teaching" time="0.050" /><testcase classname="backend.tests.test_teachings_api.TestEdgeCases" name="test_create_lesson_nonexistent_topic" time="0.068" /><testcase classname="backend.tests.test_teachings_api.TestEdgeCases" name="test_update_nonexistent_teaching" time="0.009" /><testcase classname="backend.tests.test_teachings_api.TestEdgeCases" name="test_delete_nonexistent_teaching" time="0.010" /></testsuite></testsuites>