<?xml version="1.0" encoding="utf-8"?><testsuites name="pytest tests"><testsuite name="pytest" errors="0" failures="0" skipped="0" tests="11" time="11.361" timestamp="2026-01-31T19:52:44.444356+00:00" hostname="agent-env-3fef002c-affe-4adf-9b2d-640533a80d2f"><testcase classname="backend.tests.test_three_fixes.TestBibleTTSSpeedControl" name="test_tts_verse_accepts_speed_parameter" time="4.521" /><testcase classname="backend.tests.test_three_fixes.TestBibleTTSSpeedControl" name="test_tts_with_slow_speed" time="2.169" /><testcase classname="backend.tests.test_three_fixes.TestBibleTTSSpeedControl" name="test_tts_with_fast_speed" time="1.383" /><testcase classname="backend.tests.test_three_fixes.TestBibleTTSSpeedControl" name="test_tts_passage_range_accepts_speed" time="2.870" /><testcase classname="backend.tests.test_three_fixes.TestLeadersErrorHandling" name="test_leaders_list_returns_valid_json" time="0.040" /><testcase classname="backend.tests.test_three_fixes.TestLeadersErrorHandling" name="test_create_leader_validation_error_returns_string" time="0.038" /><testcase classname="backend.tests.test_three_fixes.TestLeadersErrorHandling" name="test_get_nonexistent_leader_returns_404" time="0.045" /><testcase classname="backend.tests.test_three_fixes.TestSpecialMixesSongData" name="test_special_mixes_list" time="0.041" /><testcase classname="backend.tests.test_three_fixes.TestSpecialMixesSongData" name="test_special_mixes_songs_have_expected_fields" time="0.038" /><testcase classname="backend.tests.test_three_fixes.TestSpecialMixesSongData" name="test_special_mix_creation_includes_audio_url" time="0.077" /><testcase classname="backend.tests.test_three_fixes.TestIntegrationBibleSpeed" name="test_voices_endpoint_available" time="0.036" /></testsuite></testsuites>