<?xml version="1.0" encoding="utf-8"?><testsuites name="pytest tests"><testsuite name="pytest" errors="0" failures="0" skipped="0" tests="26" time="25.112" timestamp="2026-01-31T19:13:26.174976+00:00" hostname="agent-env-3fef002c-affe-4adf-9b2d-640533a80d2f"><testcase classname="backend.tests.test_tts_full_system.TestTTSVoicesEndpoint" name="test_get_voices_returns_200" time="0.080" /><testcase classname="backend.tests.test_tts_full_system.TestTTSVoicesEndpoint" name="test_get_voices_returns_6_total" time="0.043" /><testcase classname="backend.tests.test_tts_full_system.TestTTSVoicesEndpoint" name="test_get_voices_returns_3_male_voices" time="0.075" /><testcase classname="backend.tests.test_tts_full_system.TestTTSVoicesEndpoint" name="test_get_voices_returns_3_female_voices" time="0.036" /><testcase classname="backend.tests.test_tts_full_system.TestTTSVoicesEndpoint" name="test_get_voices_has_required_fields" time="0.040" /><testcase classname="backend.tests.test_tts_full_system.TestTTSVoicesEndpoint" name="test_tts_available_flag" time="0.034" /><testcase classname="backend.tests.test_tts_full_system.TestTTSPreviewEndpoint" name="test_preview_female_voice_zuri" time="3.838" /><testcase classname="backend.tests.test_tts_full_system.TestTTSPreviewEndpoint" name="test_preview_male_voice_rafiki" time="1.896" /><testcase classname="backend.tests.test_tts_full_system.TestTTSPreviewEndpoint" name="test_preview_invalid_voice_returns_404" time="0.053" /><testcase classname="backend.tests.test_tts_full_system.TestTTSPreviewEndpoint" name="test_preview_missing_voice_id_returns_400" time="0.033" /><testcase classname="backend.tests.test_tts_full_system.TestTTSPreviewEndpoint" name="test_preview_audio_is_valid_base64" time="1.112" /><testcase classname="backend.tests.test_tts_full_system.TestTTSVerseEndpoint" name="test_generate_verse_audio_mwanzo_1_1" time="0.044" /><testcase classname="backend.tests.test_tts_full_system.TestTTSVerseEndpoint" name="test_generate_verse_audio_different_voice" time="2.838" /><testcase classname="backend.tests.test_tts_full_system.TestTTSVerseEndpoint" name="test_verse_not_found_returns_404" time="0.089" /><testcase classname="backend.tests.test_tts_full_system.TestTTSVerseEndpoint" name="test_missing_required_fields_returns_400" time="0.034" /><testcase classname="backend.tests.test_tts_full_system.TestTTSPassageEndpoint" name="test_generate_passage_audio" time="0.049" /><testcase classname="backend.tests.test_tts_full_system.TestTTSPassageEndpoint" name="test_passage_with_male_voice" time="3.123" /><testcase classname="backend.tests.test_tts_full_system.TestTTSPassageEndpoint" name="test_passage_not_found_returns_404" time="0.068" /><testcase classname="backend.tests.test_tts_full_system.TestAdminBibleSettings" name="test_save_voice_settings" time="0.040" /><testcase classname="backend.tests.test_tts_full_system.TestAdminBibleSettings" name="test_get_saved_settings" time="0.071" /><testcase classname="backend.tests.test_tts_full_system.TestAllVoicesPreview" name="test_preview_all_voices[sw-KE-Zuri-Female-Zuri]" time="1.362" /><testcase classname="backend.tests.test_tts_full_system.TestAllVoicesPreview" name="test_preview_all_voices[sw-TZ-Amani-Female-Amani]" time="4.683" /><testcase classname="backend.tests.test_tts_full_system.TestAllVoicesPreview" name="test_preview_all_voices[en-US-Aria-Female-Aria]" time="1.839" /><testcase classname="backend.tests.test_tts_full_system.TestAllVoicesPreview" name="test_preview_all_voices[sw-KE-Rafiki-Male-Rafiki]" time="1.179" /><testcase classname="backend.tests.test_tts_full_system.TestAllVoicesPreview" name="test_preview_all_voices[sw-TZ-Daudi-Male-Daudi]" time="1.057" /><testcase classname="backend.tests.test_tts_full_system.TestAllVoicesPreview" name="test_preview_all_voices[en-US-Journey-Male-Journey]" time="1.271" /></testsuite></testsuites>