<?xml version="1.0" encoding="utf-8"?><testsuites name="pytest tests"><testsuite name="pytest" errors="0" failures="0" skipped="0" tests="19" time="1006.914" timestamp="2026-01-31T18:27:06.833402+00:00" hostname="agent-env-3fef002c-affe-4adf-9b2d-640533a80d2f"><testcase classname="tests.test_tts_voice_selection.TestTTSVoices" name="test_get_voices_returns_all_voices" time="215.930" /><testcase classname="tests.test_tts_voice_selection.TestTTSVoices" name="test_get_voices_returns_male_voices" time="0.101" /><testcase classname="tests.test_tts_voice_selection.TestTTSVoices" name="test_get_voices_returns_female_voices" time="0.052" /><testcase classname="tests.test_tts_voice_selection.TestTTSVoices" name="test_voice_structure_has_required_fields" time="0.041" /><testcase classname="tests.test_tts_voice_selection.TestTTSVoices" name="test_voice_languages_are_valid" time="0.038" /><testcase classname="tests.test_tts_voice_selection.TestTTSPreview" name="test_preview_all_voices[sw-KE-Rafiki-Male]" time="71.865" /><testcase classname="tests.test_tts_voice_selection.TestTTSPreview" name="test_preview_all_voices[sw-TZ-Daudi-Male]" time="72.569" /><testcase classname="tests.test_tts_voice_selection.TestTTSPreview" name="test_preview_all_voices[en-US-Journey-Male]" time="71.799" /><testcase classname="tests.test_tts_voice_selection.TestTTSPreview" name="test_preview_all_voices[sw-KE-Zuri-Female]" time="71.291" /><testcase classname="tests.test_tts_voice_selection.TestTTSPreview" name="test_preview_all_voices[sw-TZ-Amani-Female]" time="70.484" /><testcase classname="tests.test_tts_voice_selection.TestTTSPreview" name="test_preview_all_voices[en-US-Aria-Female]" time="70.979" /><testcase classname="tests.test_tts_voice_selection.TestTTSPreview" name="test_preview_female_voice_returns_correct_name" time="144.319" /><testcase classname="tests.test_tts_voice_selection.TestTTSPreview" name="test_preview_male_voice_returns_correct_name" time="71.765" /><testcase classname="tests.test_tts_voice_selection.TestTTSPreview" name="test_preview_returns_sample_text" time="72.130" /><testcase classname="tests.test_tts_voice_selection.TestTTSPreview" name="test_preview_invalid_voice_returns_404" time="0.078" /><testcase classname="tests.test_tts_voice_selection.TestTTSPreview" name="test_preview_tts_not_configured_message" time="73.119" /><testcase classname="tests.test_tts_voice_selection.TestVoiceSettings" name="test_save_voice_settings" time="0.094" /><testcase classname="tests.test_tts_voice_selection.TestVoiceSettings" name="test_get_saved_voice_settings" time="0.071" /><testcase classname="tests.test_tts_voice_selection.TestVoiceSettings" name="test_update_voice_settings_preserves_other_settings" time="0.113" /></testsuite></testsuites>