<?xml version="1.0" encoding="utf-8"?><testsuites name="pytest tests"><testsuite name="pytest" errors="0" failures="0" skipped="0" tests="22" time="1.911" timestamp="2026-01-14T16:12:54.761773+00:00" hostname="agent-env-fe543a54-c038-40da-9a27-d5ea7ccc6dfe"><testcase classname="tests.test_user_streaming_ui_improvements.TestBrowseCategories" name="test_browse_categories_returns_categories" time="0.087" /><testcase classname="tests.test_user_streaming_ui_improvements.TestBrowseCategories" name="test_browse_categories_structure" time="0.038" /><testcase classname="tests.test_user_streaming_ui_improvements.TestBrowseCategories" name="test_browse_categories_default_creation" time="0.075" /><testcase classname="tests.test_user_streaming_ui_improvements.TestUserHome" name="test_user_home_returns_sections" time="0.098" /><testcase classname="tests.test_user_streaming_ui_improvements.TestUserHome" name="test_user_home_returns_burners" time="0.099" /><testcase classname="tests.test_user_streaming_ui_improvements.TestUserHome" name="test_user_home_section_structure" time="0.081" /><testcase classname="tests.test_user_streaming_ui_improvements.TestUserHome" name="test_user_home_section_types" time="0.089" /><testcase classname="tests.test_user_streaming_ui_improvements.TestUserHome" name="test_user_home_sections_have_items" time="0.082" /><testcase classname="tests.test_user_streaming_ui_improvements.TestCategoryAlbums" name="test_category_albums_valid_category" time="0.472" /><testcase classname="tests.test_user_streaming_ui_improvements.TestCategoryAlbums" name="test_category_albums_invalid_category" time="0.035" /><testcase classname="tests.test_user_streaming_ui_improvements.TestCategoryAlbums" name="test_category_albums_structure" time="0.126" /><testcase classname="tests.test_user_streaming_ui_improvements.TestLayoutSections" name="test_layout_sections_returns_sections" time="0.037" /><testcase classname="tests.test_user_streaming_ui_improvements.TestLayoutSections" name="test_layout_sections_default_creation" time="0.037" /><testcase classname="tests.test_user_streaming_ui_improvements.TestLayoutSections" name="test_layout_sections_structure" time="0.035" /><testcase classname="tests.test_user_streaming_ui_improvements.TestLayoutBurners" name="test_layout_burners_returns_burners" time="0.034" /><testcase classname="tests.test_user_streaming_ui_improvements.TestLayoutBurners" name="test_layout_burners_structure" time="0.034" /><testcase classname="tests.test_user_streaming_ui_improvements.TestAlbumDetails" name="test_album_details_valid_album" time="0.123" /><testcase classname="tests.test_user_streaming_ui_improvements.TestAlbumDetails" name="test_album_details_invalid_album" time="0.036" /><testcase classname="tests.test_user_streaming_ui_improvements.TestSearch" name="test_search_returns_results" time="0.034" /><testcase classname="tests.test_user_streaming_ui_improvements.TestSearch" name="test_search_short_query" time="0.031" /><testcase classname="tests.test_user_streaming_ui_improvements.TestUserRegistrationAndLogin" name="test_user_registration" time="0.036" /><testcase classname="tests.test_user_streaming_ui_improvements.TestUserRegistrationAndLogin" name="test_user_login" time="0.085" /></testsuite></testsuites>