<?xml version="1.0" encoding="utf-8"?><testsuites name="pytest tests"><testsuite name="pytest" errors="0" failures="0" skipped="0" tests="17" time="1.557" timestamp="2026-01-16T22:07:29.870413+00:00" hostname="agent-env-3fd10ed1-f942-4728-8709-095219d8b710"><testcase classname="tests.test_user_playlist_api.TestUserPlaylistAPI" name="test_01_register_test_user" time="0.104" /><testcase classname="tests.test_user_playlist_api.TestUserPlaylistAPI" name="test_02_get_user_library_empty" time="0.048" /><testcase classname="tests.test_user_playlist_api.TestUserPlaylistAPI" name="test_03_get_user_library_unauthorized" time="0.070" /><testcase classname="tests.test_user_playlist_api.TestUserPlaylistAPI" name="test_04_create_playlist" time="0.046" /><testcase classname="tests.test_user_playlist_api.TestUserPlaylistAPI" name="test_05_create_playlist_unauthorized" time="0.038" /><testcase classname="tests.test_user_playlist_api.TestUserPlaylistAPI" name="test_06_verify_playlist_in_library" time="0.045" /><testcase classname="tests.test_user_playlist_api.TestUserPlaylistAPI" name="test_07_get_existing_songs_and_albums" time="0.286" /><testcase classname="tests.test_user_playlist_api.TestUserPlaylistAPI" name="test_08_add_song_to_playlist" time="0.039" /><testcase classname="tests.test_user_playlist_api.TestUserPlaylistAPI" name="test_09_add_song_to_playlist_unauthorized" time="0.041" /><testcase classname="tests.test_user_playlist_api.TestUserPlaylistAPI" name="test_10_add_song_to_nonexistent_playlist" time="0.043" /><testcase classname="tests.test_user_playlist_api.TestUserPlaylistAPI" name="test_11_get_playlist_with_songs" time="0.064" /><testcase classname="tests.test_user_playlist_api.TestUserPlaylistAPI" name="test_12_get_nonexistent_playlist" time="0.034" /><testcase classname="tests.test_user_playlist_api.TestUserPlaylistAPI" name="test_13_create_multiple_playlists" time="0.124" /><testcase classname="tests.test_user_playlist_api.TestUserPlaylistAPI" name="test_14_add_multiple_songs_to_playlist" time="0.238" /><testcase classname="tests.test_user_playlist_api.TestUserPlaylistAPI" name="test_15_playlist_response_structure_for_mobile" time="0.135" /><testcase classname="tests.test_user_playlist_api.TestUserFavorites" name="test_01_add_to_favorites" time="0.038" /><testcase classname="tests.test_user_playlist_api.TestUserFavorites" name="test_02_verify_favorites_in_library" time="0.059" /></testsuite></testsuites>