<?xml version="1.0" encoding="utf-8"?><testsuites name="pytest tests"><testsuite name="pytest" errors="0" failures="0" skipped="0" tests="7" time="0.411" timestamp="2026-02-01T05:29:10.346314+00:00" hostname="agent-env-3ed25eca-453f-43b3-a577-0a83bcdbe302"><testcase classname="backend.tests.test_user_home_teachings.TestUserHomeTeachings" name="test_user_home_returns_sections" time="0.111" /><testcase classname="backend.tests.test_user_home_teachings.TestUserHomeTeachings" name="test_teachings_section_exists" time="0.048" /><testcase classname="backend.tests.test_user_home_teachings.TestUserHomeTeachings" name="test_teachings_items_structure" time="0.042" /><testcase classname="backend.tests.test_user_home_teachings.TestUserHomeTeachings" name="test_teachings_item_values" time="0.040" /><testcase classname="backend.tests.test_user_home_teachings.TestTeachingsListEndpoint" name="test_teachings_list_endpoint" time="0.039" /><testcase classname="backend.tests.test_user_home_teachings.TestTeachingsListEndpoint" name="test_teachings_list_item_structure" time="0.040" /><testcase classname="backend.tests.test_user_home_teachings.TestMafundishoSectionTitle" name="test_section_title_swahili" time="0.037" /></testsuite></testsuites>