<?xml version="1.0" encoding="utf-8"?><testsuites name="pytest tests"><testsuite name="pytest" errors="0" failures="0" skipped="0" tests="39" time="3.095" timestamp="2026-01-14T15:37:50.397991+00:00" hostname="agent-env-fe543a54-c038-40da-9a27-d5ea7ccc6dfe"><testcase classname="tests.test_user_app_and_analytics.TestUserRegistration" name="test_register_with_email" time="0.101" /><testcase classname="tests.test_user_app_and_analytics.TestUserRegistration" name="test_register_with_phone" time="0.039" /><testcase classname="tests.test_user_app_and_analytics.TestUserRegistration" name="test_register_duplicate_email" time="0.034" /><testcase classname="tests.test_user_app_and_analytics.TestUserRegistration" name="test_register_missing_credentials" time="0.076" /><testcase classname="tests.test_user_app_and_analytics.TestUserLogin" name="test_login_with_email" time="0.078" /><testcase classname="tests.test_user_app_and_analytics.TestUserLogin" name="test_login_with_phone" time="0.043" /><testcase classname="tests.test_user_app_and_analytics.TestUserLogin" name="test_login_invalid_password" time="0.038" /><testcase classname="tests.test_user_app_and_analytics.TestUserLogin" name="test_login_nonexistent_user" time="0.036" /><testcase classname="tests.test_user_app_and_analytics.TestUserProfile" name="test_get_profile_authenticated" time="0.037" /><testcase classname="tests.test_user_app_and_analytics.TestUserProfile" name="test_get_profile_no_auth" time="0.041" /><testcase classname="tests.test_user_app_and_analytics.TestUserProfile" name="test_get_profile_invalid_token" time="0.081" /><testcase classname="tests.test_user_app_and_analytics.TestUserHome" name="test_get_home_data" time="0.084" /><testcase classname="tests.test_user_app_and_analytics.TestUserHome" name="test_home_sections_structure" time="0.090" /><testcase classname="tests.test_user_app_and_analytics.TestBrowseCategories" name="test_get_all_categories" time="0.035" /><testcase classname="tests.test_user_app_and_analytics.TestBrowseCategories" name="test_get_category_albums" time="0.161" /><testcase classname="tests.test_user_app_and_analytics.TestBrowseCategories" name="test_get_nonexistent_category" time="0.036" /><testcase classname="tests.test_user_app_and_analytics.TestAlbumDetails" name="test_get_album_with_songs" time="0.110" /><testcase classname="tests.test_user_app_and_analytics.TestAlbumDetails" name="test_get_nonexistent_album" time="0.039" /><testcase classname="tests.test_user_app_and_analytics.TestSearch" name="test_search_content" time="0.035" /><testcase classname="tests.test_user_app_and_analytics.TestSearch" name="test_search_short_query" time="0.080" /><testcase classname="tests.test_user_app_and_analytics.TestSearch" name="test_search_empty_query" time="0.036" /><testcase classname="tests.test_user_app_and_analytics.TestFavorites" name="test_add_to_favorites" time="0.073" /><testcase classname="tests.test_user_app_and_analytics.TestFavorites" name="test_add_to_favorites_no_auth" time="0.046" /><testcase classname="tests.test_user_app_and_analytics.TestFavorites" name="test_remove_from_favorites" time="0.039" /><testcase classname="tests.test_user_app_and_analytics.TestLibrary" name="test_get_library" time="0.040" /><testcase classname="tests.test_user_app_and_analytics.TestLibrary" name="test_get_library_no_auth" time="0.077" /><testcase classname="tests.test_user_app_and_analytics.TestPlaylists" name="test_create_playlist" time="0.045" /><testcase classname="tests.test_user_app_and_analytics.TestPlaylists" name="test_add_song_to_playlist" time="0.039" /><testcase classname="tests.test_user_app_and_analytics.TestPlaylists" name="test_get_playlist" time="0.044" /><testcase classname="tests.test_user_app_and_analytics.TestPlaylists" name="test_get_nonexistent_playlist" time="0.036" /><testcase classname="tests.test_user_app_and_analytics.TestEnhancedAnalytics" name="test_get_enhanced_analytics_default" time="0.158" /><testcase classname="tests.test_user_app_and_analytics.TestEnhancedAnalytics" name="test_get_enhanced_analytics_7d" time="0.179" /><testcase classname="tests.test_user_app_and_analytics.TestEnhancedAnalytics" name="test_get_enhanced_analytics_30d" time="0.163" /><testcase classname="tests.test_user_app_and_analytics.TestEnhancedAnalytics" name="test_get_enhanced_analytics_90d" time="0.162" /><testcase classname="tests.test_user_app_and_analytics.TestEnhancedAnalytics" name="test_get_enhanced_analytics_1y" time="0.164" /><testcase classname="tests.test_user_app_and_analytics.TestEnhancedAnalytics" name="test_analytics_overview_structure" time="0.163" /><testcase classname="tests.test_user_app_and_analytics.TestEnhancedAnalytics" name="test_analytics_platform_stats_structure" time="0.172" /><testcase classname="tests.test_user_app_and_analytics.TestRealtimeAnalytics" name="test_get_realtime_analytics" time="0.038" /><testcase classname="tests.test_user_app_and_analytics.TestCleanup" name="test_cleanup_test_users" time="0.033" /></testsuite></testsuites>